[0.899s] Invoking command in '/home/javierbecerril/harmonic_ws/build/tag_hover_two_tags': DEBUGINFOD_URLS=https://debuginfod.ubuntu.com PS1=(venv-ardupilot) \[\e]0;\u@\h: \w\a\]${debian_chroot:+($debian_chroot)}\[\033[01;32m\]\u@\h\[\033[00m\]:\[\033[01;34m\]\w\[\033[00m\]\$ PYTHONPATH=/home/javierbecerril/harmonic_ws/build/tag_hover_two_tags/prefix_override:/usr/lib/python3/dist-packages/colcon_core/task/python/colcon_distutils_commands:/home/javierbecerril/harmonic_ws/install/tag_hover_two_tags/lib/python3.12/site-packages:${PYTHONPATH} VIRTUAL_ENV_PROMPT=(venv-ardupilot) /usr/bin/python3 -W ignore:setup.py install is deprecated -W ignore:easy_install command is deprecated setup.py develop --editable --build-directory /home/javierbecerril/harmonic_ws/build/tag_hover_two_tags/build --no-deps symlink_data
[1.151s] running develop
[1.292s] running egg_info
[1.307s] writing tag_hover_two_tags.egg-info/PKG-INFO
[1.308s] writing dependency_links to tag_hover_two_tags.egg-info/dependency_links.txt
[1.308s] writing entry points to tag_hover_two_tags.egg-info/entry_points.txt
[1.308s] writing requirements to tag_hover_two_tags.egg-info/requires.txt
[1.308s] writing top-level names to tag_hover_two_tags.egg-info/top_level.txt
[1.336s] reading manifest file 'tag_hover_two_tags.egg-info/SOURCES.txt'
[1.337s] writing manifest file 'tag_hover_two_tags.egg-info/SOURCES.txt'
[1.351s] running build_ext
[1.352s] Creating /home/javierbecerril/harmonic_ws/install/tag_hover_two_tags/lib/python3.12/site-packages/tag-hover-two-tags.egg-link (link to .)
[1.353s] Installing apriltag_pnp_broadcaster script to /home/javierbecerril/harmonic_ws/install/tag_hover_two_tags/lib/tag_hover_two_tags
[1.353s] Installing apriltag_tf_broadcaster script to /home/javierbecerril/harmonic_ws/install/tag_hover_two_tags/lib/tag_hover_two_tags
[1.354s] Installing relative_vibration_pose script to /home/javierbecerril/harmonic_ws/install/tag_hover_two_tags/lib/tag_hover_two_tags
[1.354s] Installing tag_pose_selector script to /home/javierbecerril/harmonic_ws/install/tag_hover_two_tags/lib/tag_hover_two_tags
[1.355s] 
[1.355s] Installed /home/javierbecerril/harmonic_ws/build/tag_hover_two_tags
[1.355s] running symlink_data
[1.381s] Invoked command in '/home/javierbecerril/harmonic_ws/build/tag_hover_two_tags' returned '0': DEBUGINFOD_URLS=https://debuginfod.ubuntu.com PS1=(venv-ardupilot) \[\e]0;\u@\h: \w\a\]${debian_chroot:+($debian_chroot)}\[\033[01;32m\]\u@\h\[\033[00m\]:\[\033[01;34m\]\w\[\033[00m\]\$ PYTHONPATH=/home/javierbecerril/harmonic_ws/build/tag_hover_two_tags/prefix_override:/usr/lib/python3/dist-packages/colcon_core/task/python/colcon_distutils_commands:/home/javierbecerril/harmonic_ws/install/tag_hover_two_tags/lib/python3.12/site-packages:${PYTHONPATH} VIRTUAL_ENV_PROMPT=(venv-ardupilot) /usr/bin/python3 -W ignore:setup.py install is deprecated -W ignore:easy_install command is deprecated setup.py develop --editable --build-directory /home/javierbecerril/harmonic_ws/build/tag_hover_two_tags/build --no-deps symlink_data
