[1.184s] Invoking command in '/home/javierbecerril/harmonic_ws/build/tag_hover_sim': DEBUGINFOD_URLS=https://debuginfod.ubuntu.com PS1=(venv-ardupilot) \[\e]0;\u@\h: \w\a\]${debian_chroot:+($debian_chroot)}\[\033[01;32m\]\u@\h\[\033[00m\]:\[\033[01;34m\]\w\[\033[00m\]\$ PYTHONPATH=/home/javierbecerril/harmonic_ws/build/tag_hover_sim/prefix_override:/usr/lib/python3/dist-packages/colcon_core/task/python/colcon_distutils_commands:/home/javierbecerril/harmonic_ws/install/tag_hover_sim/lib/python3.12/site-packages:${PYTHONPATH} VIRTUAL_ENV_PROMPT=(venv-ardupilot) /usr/bin/python3 -W ignore:setup.py install is deprecated -W ignore:easy_install command is deprecated setup.py develop --editable --build-directory /home/javierbecerril/harmonic_ws/build/tag_hover_sim/build --no-deps symlink_data
[1.567s] running develop
[1.828s] running egg_info
[1.863s] writing tag_hover_sim.egg-info/PKG-INFO
[1.864s] writing dependency_links to tag_hover_sim.egg-info/dependency_links.txt
[1.864s] writing entry points to tag_hover_sim.egg-info/entry_points.txt
[1.866s] writing requirements to tag_hover_sim.egg-info/requires.txt
[1.866s] writing top-level names to tag_hover_sim.egg-info/top_level.txt
[1.927s] reading manifest file 'tag_hover_sim.egg-info/SOURCES.txt'
[1.928s] writing manifest file 'tag_hover_sim.egg-info/SOURCES.txt'
[1.956s] running build_ext
[1.956s] Creating /home/javierbecerril/harmonic_ws/install/tag_hover_sim/lib/python3.12/site-packages/tag-hover-sim.egg-link (link to .)
[1.957s] Installing apriltag_pnp_broadcaster script to /home/javierbecerril/harmonic_ws/install/tag_hover_sim/lib/tag_hover_sim
[1.958s] Installing apriltag_tf_broadcaster script to /home/javierbecerril/harmonic_ws/install/tag_hover_sim/lib/tag_hover_sim
[1.958s] Installing hover_yaw_search script to /home/javierbecerril/harmonic_ws/install/tag_hover_sim/lib/tag_hover_sim
[1.958s] Installing hover_yaw_search_v1 script to /home/javierbecerril/harmonic_ws/install/tag_hover_sim/lib/tag_hover_sim
[1.959s] 
[1.959s] Installed /home/javierbecerril/harmonic_ws/build/tag_hover_sim
[1.959s] running symlink_data
[2.022s] Invoked command in '/home/javierbecerril/harmonic_ws/build/tag_hover_sim' returned '0': DEBUGINFOD_URLS=https://debuginfod.ubuntu.com PS1=(venv-ardupilot) \[\e]0;\u@\h: \w\a\]${debian_chroot:+($debian_chroot)}\[\033[01;32m\]\u@\h\[\033[00m\]:\[\033[01;34m\]\w\[\033[00m\]\$ PYTHONPATH=/home/javierbecerril/harmonic_ws/build/tag_hover_sim/prefix_override:/usr/lib/python3/dist-packages/colcon_core/task/python/colcon_distutils_commands:/home/javierbecerril/harmonic_ws/install/tag_hover_sim/lib/python3.12/site-packages:${PYTHONPATH} VIRTUAL_ENV_PROMPT=(venv-ardupilot) /usr/bin/python3 -W ignore:setup.py install is deprecated -W ignore:easy_install command is deprecated setup.py develop --editable --build-directory /home/javierbecerril/harmonic_ws/build/tag_hover_sim/build --no-deps symlink_data
