running develop
Removing /home/javierbecerril/harmonic_ws/install/tag_hover_sim/lib/python3.12/site-packages/tag-hover-sim.egg-link (link to .)
running egg_info
writing ../../build/tag_hover_sim/tag_hover_sim.egg-info/PKG-INFO
writing dependency_links to ../../build/tag_hover_sim/tag_hover_sim.egg-info/dependency_links.txt
writing entry points to ../../build/tag_hover_sim/tag_hover_sim.egg-info/entry_points.txt
writing requirements to ../../build/tag_hover_sim/tag_hover_sim.egg-info/requires.txt
writing top-level names to ../../build/tag_hover_sim/tag_hover_sim.egg-info/top_level.txt
reading manifest file '../../build/tag_hover_sim/tag_hover_sim.egg-info/SOURCES.txt'
writing manifest file '../../build/tag_hover_sim/tag_hover_sim.egg-info/SOURCES.txt'
running build
running build_py
copying tag_hover_sim/hover_yaw_search_v2.py -> /home/javierbecerril/harmonic_ws/build/tag_hover_sim/build/lib/tag_hover_sim
copying tag_hover_sim/hover_yaw_search_v1.py -> /home/javierbecerril/harmonic_ws/build/tag_hover_sim/build/lib/tag_hover_sim
copying tag_hover_sim/hover_yaw_search.py -> /home/javierbecerril/harmonic_ws/build/tag_hover_sim/build/lib/tag_hover_sim
running install
running install_lib
creating /home/javierbecerril/harmonic_ws/install/tag_hover_sim/lib/python3.12/site-packages/tag_hover_sim
copying /home/javierbecerril/harmonic_ws/build/tag_hover_sim/build/lib/tag_hover_sim/hover_yaw_search_v2.py -> /home/javierbecerril/harmonic_ws/install/tag_hover_sim/lib/python3.12/site-packages/tag_hover_sim
copying /home/javierbecerril/harmonic_ws/build/tag_hover_sim/build/lib/tag_hover_sim/__init__.py -> /home/javierbecerril/harmonic_ws/install/tag_hover_sim/lib/python3.12/site-packages/tag_hover_sim
copying /home/javierbecerril/harmonic_ws/build/tag_hover_sim/build/lib/tag_hover_sim/hover_yaw_search_v1.py -> /home/javierbecerril/harmonic_ws/install/tag_hover_sim/lib/python3.12/site-packages/tag_hover_sim
copying /home/javierbecerril/harmonic_ws/build/tag_hover_sim/build/lib/tag_hover_sim/hover_yaw_search.py -> /home/javierbecerril/harmonic_ws/install/tag_hover_sim/lib/python3.12/site-packages/tag_hover_sim
copying /home/javierbecerril/harmonic_ws/build/tag_hover_sim/build/lib/tag_hover_sim/apriltag_tf_broadcaster.py -> /home/javierbecerril/harmonic_ws/install/tag_hover_sim/lib/python3.12/site-packages/tag_hover_sim
copying /home/javierbecerril/harmonic_ws/build/tag_hover_sim/build/lib/tag_hover_sim/apriltag_pnp_broadcaster.py -> /home/javierbecerril/harmonic_ws/install/tag_hover_sim/lib/python3.12/site-packages/tag_hover_sim
byte-compiling /home/javierbecerril/harmonic_ws/install/tag_hover_sim/lib/python3.12/site-packages/tag_hover_sim/hover_yaw_search_v2.py to hover_yaw_search_v2.cpython-312.pyc
byte-compiling /home/javierbecerril/harmonic_ws/install/tag_hover_sim/lib/python3.12/site-packages/tag_hover_sim/__init__.py to __init__.cpython-312.pyc
byte-compiling /home/javierbecerril/harmonic_ws/install/tag_hover_sim/lib/python3.12/site-packages/tag_hover_sim/hover_yaw_search_v1.py to hover_yaw_search_v1.cpython-312.pyc
byte-compiling /home/javierbecerril/harmonic_ws/install/tag_hover_sim/lib/python3.12/site-packages/tag_hover_sim/hover_yaw_search.py to hover_yaw_search.cpython-312.pyc
byte-compiling /home/javierbecerril/harmonic_ws/install/tag_hover_sim/lib/python3.12/site-packages/tag_hover_sim/apriltag_tf_broadcaster.py to apriltag_tf_broadcaster.cpython-312.pyc
byte-compiling /home/javierbecerril/harmonic_ws/install/tag_hover_sim/lib/python3.12/site-packages/tag_hover_sim/apriltag_pnp_broadcaster.py to apriltag_pnp_broadcaster.cpython-312.pyc
running install_data
copying resource/tag_hover_sim -> /home/javierbecerril/harmonic_ws/install/tag_hover_sim/share/ament_index/resource_index/packages
copying package.xml -> /home/javierbecerril/harmonic_ws/install/tag_hover_sim/share/tag_hover_sim
copying launch/sim_lockon_backbone.launch.py -> /home/javierbecerril/harmonic_ws/install/tag_hover_sim/share/tag_hover_sim/launch
copying config/apriltag_params.yaml -> /home/javierbecerril/harmonic_ws/install/tag_hover_sim/share/tag_hover_sim/config
running install_egg_info
Copying ../../build/tag_hover_sim/tag_hover_sim.egg-info to /home/javierbecerril/harmonic_ws/install/tag_hover_sim/lib/python3.12/site-packages/tag_hover_sim-0.1.0-py3.12.egg-info
running install_scripts
Installing apriltag_pnp_broadcaster script to /home/javierbecerril/harmonic_ws/install/tag_hover_sim/lib/tag_hover_sim
Installing apriltag_tf_broadcaster script to /home/javierbecerril/harmonic_ws/install/tag_hover_sim/lib/tag_hover_sim
Installing hover_yaw_search script to /home/javierbecerril/harmonic_ws/install/tag_hover_sim/lib/tag_hover_sim
Installing hover_yaw_search_v1 script to /home/javierbecerril/harmonic_ws/install/tag_hover_sim/lib/tag_hover_sim
Installing hover_yaw_search_v2 script to /home/javierbecerril/harmonic_ws/install/tag_hover_sim/lib/tag_hover_sim
writing list of installed files to '/home/javierbecerril/harmonic_ws/build/tag_hover_sim/install.log'
