/home/javierbecerril/harmonic_ws/install/tag_hover_two_tags/lib/python3.12/site-packages/tag_hover_two_tags/__init__.py
/home/javierbecerril/harmonic_ws/install/tag_hover_two_tags/lib/python3.12/site-packages/tag_hover_two_tags/tag_oscillator.py
/home/javierbecerril/harmonic_ws/install/tag_hover_two_tags/lib/python3.12/site-packages/tag_hover_two_tags/tag_pose_selector.py
/home/javierbecerril/harmonic_ws/install/tag_hover_two_tags/lib/python3.12/site-packages/tag_hover_two_tags/tag_overlay.py
/home/javierbecerril/harmonic_ws/install/tag_hover_two_tags/lib/python3.12/site-packages/tag_hover_two_tags/apriltag_tf_broadcaster.py
/home/javierbecerril/harmonic_ws/install/tag_hover_two_tags/lib/python3.12/site-packages/tag_hover_two_tags/apriltag_pnp_broadcaster.py
/home/javierbecerril/harmonic_ws/install/tag_hover_two_tags/lib/python3.12/site-packages/tag_hover_two_tags/relative_vibration_pose.py
/home/javierbecerril/harmonic_ws/install/tag_hover_two_tags/lib/python3.12/site-packages/tag_hover_controller/__init__.py
/home/javierbecerril/harmonic_ws/install/tag_hover_two_tags/lib/python3.12/site-packages/tag_hover_controller/hover_yaw_search.py
/home/javierbecerril/harmonic_ws/install/tag_hover_two_tags/lib/python3.12/site-packages/tag_hover_sim/hover_yaw_search_v2.py
/home/javierbecerril/harmonic_ws/install/tag_hover_two_tags/lib/python3.12/site-packages/tag_hover_sim/__init__.py
/home/javierbecerril/harmonic_ws/install/tag_hover_two_tags/lib/python3.12/site-packages/tag_hover_sim/hover_yaw_search_v1.py
/home/javierbecerril/harmonic_ws/install/tag_hover_two_tags/lib/python3.12/site-packages/tag_hover_sim/hover_yaw_search_sensor_lock.py
/home/javierbecerril/harmonic_ws/install/tag_hover_two_tags/lib/python3.12/site-packages/tag_hover_sim/hover_yaw_search.py
/home/javierbecerril/harmonic_ws/install/tag_hover_two_tags/lib/python3.12/site-packages/tag_hover_sim/apriltag_tf_broadcaster.py
/home/javierbecerril/harmonic_ws/install/tag_hover_two_tags/lib/python3.12/site-packages/tag_hover_sim/apriltag_pnp_broadcaster.py
/home/javierbecerril/harmonic_ws/install/tag_hover_two_tags/lib/python3.12/site-packages/tag_hover_two_tags/__pycache__/__init__.cpython-312.pyc
/home/javierbecerril/harmonic_ws/install/tag_hover_two_tags/lib/python3.12/site-packages/tag_hover_two_tags/__pycache__/tag_oscillator.cpython-312.pyc
/home/javierbecerril/harmonic_ws/install/tag_hover_two_tags/lib/python3.12/site-packages/tag_hover_two_tags/__pycache__/tag_pose_selector.cpython-312.pyc
/home/javierbecerril/harmonic_ws/install/tag_hover_two_tags/lib/python3.12/site-packages/tag_hover_two_tags/__pycache__/tag_overlay.cpython-312.pyc
/home/javierbecerril/harmonic_ws/install/tag_hover_two_tags/lib/python3.12/site-packages/tag_hover_two_tags/__pycache__/apriltag_tf_broadcaster.cpython-312.pyc
/home/javierbecerril/harmonic_ws/install/tag_hover_two_tags/lib/python3.12/site-packages/tag_hover_two_tags/__pycache__/apriltag_pnp_broadcaster.cpython-312.pyc
/home/javierbecerril/harmonic_ws/install/tag_hover_two_tags/lib/python3.12/site-packages/tag_hover_two_tags/__pycache__/relative_vibration_pose.cpython-312.pyc
/home/javierbecerril/harmonic_ws/install/tag_hover_two_tags/lib/python3.12/site-packages/tag_hover_controller/__pycache__/__init__.cpython-312.pyc
/home/javierbecerril/harmonic_ws/install/tag_hover_two_tags/lib/python3.12/site-packages/tag_hover_controller/__pycache__/hover_yaw_search.cpython-312.pyc
/home/javierbecerril/harmonic_ws/install/tag_hover_two_tags/lib/python3.12/site-packages/tag_hover_sim/__pycache__/hover_yaw_search_v2.cpython-312.pyc
/home/javierbecerril/harmonic_ws/install/tag_hover_two_tags/lib/python3.12/site-packages/tag_hover_sim/__pycache__/__init__.cpython-312.pyc
/home/javierbecerril/harmonic_ws/install/tag_hover_two_tags/lib/python3.12/site-packages/tag_hover_sim/__pycache__/hover_yaw_search_v1.cpython-312.pyc
/home/javierbecerril/harmonic_ws/install/tag_hover_two_tags/lib/python3.12/site-packages/tag_hover_sim/__pycache__/hover_yaw_search_sensor_lock.cpython-312.pyc
/home/javierbecerril/harmonic_ws/install/tag_hover_two_tags/lib/python3.12/site-packages/tag_hover_sim/__pycache__/hover_yaw_search.cpython-312.pyc
/home/javierbecerril/harmonic_ws/install/tag_hover_two_tags/lib/python3.12/site-packages/tag_hover_sim/__pycache__/apriltag_tf_broadcaster.cpython-312.pyc
/home/javierbecerril/harmonic_ws/install/tag_hover_two_tags/lib/python3.12/site-packages/tag_hover_sim/__pycache__/apriltag_pnp_broadcaster.cpython-312.pyc
/home/javierbecerril/harmonic_ws/install/tag_hover_two_tags/share/ament_index/resource_index/packages/tag_hover_two_tags
/home/javierbecerril/harmonic_ws/install/tag_hover_two_tags/share/tag_hover_two_tags/package.xml
/home/javierbecerril/harmonic_ws/install/tag_hover_two_tags/share/tag_hover_two_tags/launch/tag_oscillator.launch.py
/home/javierbecerril/harmonic_ws/install/tag_hover_two_tags/share/tag_hover_two_tags/launch/hover_controller.launch.py
/home/javierbecerril/harmonic_ws/install/tag_hover_two_tags/share/tag_hover_two_tags/launch/sim_lockon_backbone.launch.py
/home/javierbecerril/harmonic_ws/install/tag_hover_two_tags/share/tag_hover_two_tags/launch/sim_vision_stack.launch.py
/home/javierbecerril/harmonic_ws/install/tag_hover_two_tags/share/tag_hover_two_tags/config/apriltag_params.yaml
/home/javierbecerril/harmonic_ws/install/tag_hover_two_tags/share/tag_hover_two_tags/worlds/apriltag_two_tags.sdf
/home/javierbecerril/harmonic_ws/install/tag_hover_two_tags/share/tag_hover_two_tags/worlds/testing_nodrone.sdf
/home/javierbecerril/harmonic_ws/install/tag_hover_two_tags/share/tag_hover_two_tags/worlds/apriltag_test.sdf
/home/javierbecerril/harmonic_ws/install/tag_hover_two_tags/share/tag_hover_two_tags/models
/home/javierbecerril/harmonic_ws/install/tag_hover_two_tags/share/tag_hover_two_tags/models/iris_with_standoffs/model.sdf
/home/javierbecerril/harmonic_ws/install/tag_hover_two_tags/share/tag_hover_two_tags/models/iris_with_standoffs/model.config
/home/javierbecerril/harmonic_ws/install/tag_hover_two_tags/share/tag_hover_two_tags/models/iris_with_standoffs/meshes/iris_prop_cw.dae
/home/javierbecerril/harmonic_ws/install/tag_hover_two_tags/share/tag_hover_two_tags/models/iris_with_standoffs/meshes/iris.dae
/home/javierbecerril/harmonic_ws/install/tag_hover_two_tags/share/tag_hover_two_tags/models/iris_with_standoffs/meshes/iris_prop_ccw.dae
/home/javierbecerril/harmonic_ws/install/tag_hover_two_tags/share/tag_hover_two_tags/models/Apriltag36_11_00001/model.sdf
/home/javierbecerril/harmonic_ws/install/tag_hover_two_tags/share/tag_hover_two_tags/models/Apriltag36_11_00001/model.config
/home/javierbecerril/harmonic_ws/install/tag_hover_two_tags/share/tag_hover_two_tags/models/Apriltag36_11_00001/materials/textures/tag36_11_00001.png
/home/javierbecerril/harmonic_ws/install/tag_hover_two_tags/share/tag_hover_two_tags/models/Apriltag36_11_00001/materials/textures/tag36_11_00001.png:Zone.Identifier
/home/javierbecerril/harmonic_ws/install/tag_hover_two_tags/share/tag_hover_two_tags/models/Apriltag36_11_00001/materials/scripts/Apriltag.material
/home/javierbecerril/harmonic_ws/install/tag_hover_two_tags/share/tag_hover_two_tags/models/iris_with_rgb_camera/model.sdf
/home/javierbecerril/harmonic_ws/install/tag_hover_two_tags/share/tag_hover_two_tags/models/iris_with_rgb_camera/model.config
/home/javierbecerril/harmonic_ws/install/tag_hover_two_tags/share/tag_hover_two_tags/models/apriltag_36h11_0/model.sdf
/home/javierbecerril/harmonic_ws/install/tag_hover_two_tags/share/tag_hover_two_tags/models/apriltag_36h11_0/model.config
/home/javierbecerril/harmonic_ws/install/tag_hover_two_tags/share/tag_hover_two_tags/models/apriltag_36h11_0/materials/textures/tag36h11_0.png
/home/javierbecerril/harmonic_ws/install/tag_hover_two_tags/share/tag_hover_two_tags/models/apriltag_36h11_0/materials/scripts/Apriltag.material
/home/javierbecerril/harmonic_ws/install/tag_hover_two_tags/share/tag_hover_two_tags/models/apriltag_36h11_1/model.sdf
/home/javierbecerril/harmonic_ws/install/tag_hover_two_tags/share/tag_hover_two_tags/models/apriltag_36h11_1/model.config
/home/javierbecerril/harmonic_ws/install/tag_hover_two_tags/share/tag_hover_two_tags/models/apriltag_36h11_1/materials/textures/tag36h11_1.png
/home/javierbecerril/harmonic_ws/install/tag_hover_two_tags/share/tag_hover_two_tags/models/apriltag_36h11_1/materials/textures/tag36h11_0.png
/home/javierbecerril/harmonic_ws/install/tag_hover_two_tags/share/tag_hover_two_tags/models/apriltag_36h11_1/materials/scripts/Apriltag.material
/home/javierbecerril/harmonic_ws/install/tag_hover_two_tags/lib/python3.12/site-packages/tag_hover_two_tags-0.1.0-py3.12.egg-info/dependency_links.txt
/home/javierbecerril/harmonic_ws/install/tag_hover_two_tags/lib/python3.12/site-packages/tag_hover_two_tags-0.1.0-py3.12.egg-info/entry_points.txt
/home/javierbecerril/harmonic_ws/install/tag_hover_two_tags/lib/python3.12/site-packages/tag_hover_two_tags-0.1.0-py3.12.egg-info/SOURCES.txt
/home/javierbecerril/harmonic_ws/install/tag_hover_two_tags/lib/python3.12/site-packages/tag_hover_two_tags-0.1.0-py3.12.egg-info/requires.txt
/home/javierbecerril/harmonic_ws/install/tag_hover_two_tags/lib/python3.12/site-packages/tag_hover_two_tags-0.1.0-py3.12.egg-info/top_level.txt
/home/javierbecerril/harmonic_ws/install/tag_hover_two_tags/lib/python3.12/site-packages/tag_hover_two_tags-0.1.0-py3.12.egg-info/zip-safe
/home/javierbecerril/harmonic_ws/install/tag_hover_two_tags/lib/python3.12/site-packages/tag_hover_two_tags-0.1.0-py3.12.egg-info/PKG-INFO
/home/javierbecerril/harmonic_ws/install/tag_hover_two_tags/lib/tag_hover_two_tags/apriltag_pnp_broadcaster
/home/javierbecerril/harmonic_ws/install/tag_hover_two_tags/lib/tag_hover_two_tags/apriltag_tf_broadcaster
/home/javierbecerril/harmonic_ws/install/tag_hover_two_tags/lib/tag_hover_two_tags/hover_yaw_search
/home/javierbecerril/harmonic_ws/install/tag_hover_two_tags/lib/tag_hover_two_tags/relative_vibration_pose
/home/javierbecerril/harmonic_ws/install/tag_hover_two_tags/lib/tag_hover_two_tags/tag_oscillator
/home/javierbecerril/harmonic_ws/install/tag_hover_two_tags/lib/tag_hover_two_tags/tag_overlay
/home/javierbecerril/harmonic_ws/install/tag_hover_two_tags/lib/tag_hover_two_tags/tag_pose_selector
