[0.031s] Invoking command in '/home/javierbecerril/harmonic_ws/build/ardupilot_msgs': CMAKE_PREFIX_PATH=${CMAKE_PREFIX_PATH}:/home/javierbecerril/harmonic_ws/install/tag_hover_two_tags:/home/javierbecerril/harmonic_ws/install/tag_hover_sim:/opt/ros/jazzy DEBUGINFOD_URLS=https://debuginfod.ubuntu.com PS1=(venv-ardupilot) \[\e]0;\u@\h: \w\a\]${debian_chroot:+($debian_chroot)}\[\033[01;32m\]\u@\h\[\033[00m\]:\[\033[01;34m\]\w\[\033[00m\]\$ VIRTUAL_ENV_PROMPT=(venv-ardupilot) /usr/bin/cmake /home/javierbecerril/harmonic_ws/src/ardupilot/Tools/ros2/ardupilot_msgs -DCMAKE_INSTALL_PREFIX=/home/javierbecerril/harmonic_ws/install/ardupilot_msgs
[0.261s] -- Found ament_cmake: 2.5.5 (/opt/ros/jazzy/share/ament_cmake/cmake)
[0.261s] -- Found Python3: /usr/bin/python3 (found version "3.12.3") found components: Interpreter 
[0.261s] -- Override CMake install command with custom implementation using symlinks instead of copying resources
[0.289s] -- Found geometry_msgs: 5.3.6 (/opt/ros/jazzy/share/geometry_msgs/cmake)
[0.656s] -- Found rosidl_generator_c: 4.6.7 (/opt/ros/jazzy/share/rosidl_generator_c/cmake)
[0.684s] -- Found rosidl_generator_cpp: 4.6.7 (/opt/ros/jazzy/share/rosidl_generator_cpp/cmake)
[0.712s] -- Using all available rosidl_typesupport_c: rosidl_typesupport_fastrtps_c;rosidl_typesupport_introspection_c
[0.742s] -- Using all available rosidl_typesupport_cpp: rosidl_typesupport_fastrtps_cpp;rosidl_typesupport_introspection_cpp
[0.818s] -- Found rosidl_default_generators: 1.6.0 (/opt/ros/jazzy/share/rosidl_default_generators/cmake)
[0.837s] -- Found rosidl_adapter: 4.6.7 (/opt/ros/jazzy/share/rosidl_adapter/cmake)
[1.265s] -- Found ament_cmake_cppcheck: 0.17.4 (/opt/ros/jazzy/share/ament_cmake_cppcheck/cmake)
[1.267s] -- Found ament_cmake_cpplint: 0.17.4 (/opt/ros/jazzy/share/ament_cmake_cpplint/cmake)
[1.270s] -- Found ament_cmake_uncrustify: 0.17.4 (/opt/ros/jazzy/share/ament_cmake_uncrustify/cmake)
[1.275s] -- Found ament_cmake_ros: 0.12.0 (/opt/ros/jazzy/share/ament_cmake_ros/cmake)
[1.617s] -- Using all available rosidl_typesupport_c: rosidl_typesupport_fastrtps_c;rosidl_typesupport_introspection_c
[1.767s] -- Using all available rosidl_typesupport_cpp: rosidl_typesupport_fastrtps_cpp;rosidl_typesupport_introspection_cpp
[1.771s] -- Found python_cmake_module: 0.11.1 (/opt/ros/jazzy/share/python_cmake_module/cmake)
[2.050s] -- Found Python3: /usr/bin/python3 (found version "3.12.3") found components: Interpreter Development NumPy Development.Module Development.Embed 
[2.084s] -- Found ament_cmake_flake8: 0.17.4 (/opt/ros/jazzy/share/ament_cmake_flake8/cmake)
[2.087s] -- Found ament_cmake_pep257: 0.17.4 (/opt/ros/jazzy/share/ament_cmake_pep257/cmake)
[2.091s] -- Found ament_lint_auto: 0.17.4 (/opt/ros/jazzy/share/ament_lint_auto/cmake)
[2.118s] -- Added test 'copyright' to check source files copyright and LICENSE
[2.118s] -- Added test 'xmllint' to check XML markup files
[2.123s] -- Configuring done (2.1s)
[2.239s] -- Generating done (0.1s)
[2.255s] -- Build files have been written to: /home/javierbecerril/harmonic_ws/build/ardupilot_msgs
[2.270s] Invoked command in '/home/javierbecerril/harmonic_ws/build/ardupilot_msgs' returned '0': CMAKE_PREFIX_PATH=${CMAKE_PREFIX_PATH}:/home/javierbecerril/harmonic_ws/install/tag_hover_two_tags:/home/javierbecerril/harmonic_ws/install/tag_hover_sim:/opt/ros/jazzy DEBUGINFOD_URLS=https://debuginfod.ubuntu.com PS1=(venv-ardupilot) \[\e]0;\u@\h: \w\a\]${debian_chroot:+($debian_chroot)}\[\033[01;32m\]\u@\h\[\033[00m\]:\[\033[01;34m\]\w\[\033[00m\]\$ VIRTUAL_ENV_PROMPT=(venv-ardupilot) /usr/bin/cmake /home/javierbecerril/harmonic_ws/src/ardupilot/Tools/ros2/ardupilot_msgs -DCMAKE_INSTALL_PREFIX=/home/javierbecerril/harmonic_ws/install/ardupilot_msgs
[2.271s] Invoking command in '/home/javierbecerril/harmonic_ws/build/ardupilot_msgs': CMAKE_PREFIX_PATH=${CMAKE_PREFIX_PATH}:/home/javierbecerril/harmonic_ws/install/tag_hover_two_tags:/home/javierbecerril/harmonic_ws/install/tag_hover_sim:/opt/ros/jazzy DEBUGINFOD_URLS=https://debuginfod.ubuntu.com PS1=(venv-ardupilot) \[\e]0;\u@\h: \w\a\]${debian_chroot:+($debian_chroot)}\[\033[01;32m\]\u@\h\[\033[00m\]:\[\033[01;34m\]\w\[\033[00m\]\$ VIRTUAL_ENV_PROMPT=(venv-ardupilot) /usr/bin/cmake --build /home/javierbecerril/harmonic_ws/build/ardupilot_msgs -- -j12 -l12
[2.327s] [  1%] Built target ardupilot_msgs__rosidl_generator_type_description
[2.338s] [  1%] Built target ament_cmake_python_symlink_ardupilot_msgs
[2.341s] [  2%] [34m[1mGenerating C code for ROS interfaces[0m
[2.353s] [  3%] [34m[1mGenerating C++ code for ROS interfaces[0m
[2.567s] running egg_info
[2.581s] writing ardupilot_msgs.egg-info/PKG-INFO
[2.582s] writing dependency_links to ardupilot_msgs.egg-info/dependency_links.txt
[2.583s] writing top-level names to ardupilot_msgs.egg-info/top_level.txt
[2.636s] reading manifest file 'ardupilot_msgs.egg-info/SOURCES.txt'
[2.636s] writing manifest file 'ardupilot_msgs.egg-info/SOURCES.txt'
[2.672s] [  3%] Built target ament_cmake_python_build_ardupilot_msgs_egg
[3.198s] [  3%] Built target ardupilot_msgs__cpp
[3.344s] [  4%] [32mBuilding C object CMakeFiles/ardupilot_msgs__rosidl_generator_c.dir/rosidl_generator_c/ardupilot_msgs/msg/detail/global_position__functions.c.o[0m
[3.345s] [  7%] [32mBuilding C object CMakeFiles/ardupilot_msgs__rosidl_generator_c.dir/rosidl_generator_c/ardupilot_msgs/msg/detail/status__description.c.o[0m
[3.346s] [  7%] [32mBuilding C object CMakeFiles/ardupilot_msgs__rosidl_generator_c.dir/rosidl_generator_c/ardupilot_msgs/msg/detail/rc__functions.c.o[0m
[3.347s] [  7%] [32mBuilding C object CMakeFiles/ardupilot_msgs__rosidl_generator_c.dir/rosidl_generator_c/ardupilot_msgs/msg/detail/rc__type_support.c.o[0m
[3.347s] [  8%] [32mBuilding C object CMakeFiles/ardupilot_msgs__rosidl_generator_c.dir/rosidl_generator_c/ardupilot_msgs/msg/detail/airspeed__description.c.o[0m
[3.347s] [  9%] [32mBuilding C object CMakeFiles/ardupilot_msgs__rosidl_generator_c.dir/rosidl_generator_c/ardupilot_msgs/msg/detail/global_position__type_support.c.o[0m
[3.347s] [ 10%] [32mBuilding C object CMakeFiles/ardupilot_msgs__rosidl_generator_c.dir/rosidl_generator_c/ardupilot_msgs/msg/detail/global_position__description.c.o[0m
[3.348s] [ 11%] [32mBuilding C object CMakeFiles/ardupilot_msgs__rosidl_generator_c.dir/rosidl_generator_c/ardupilot_msgs/msg/detail/airspeed__functions.c.o[0m
[3.348s] [ 12%] [32mBuilding C object CMakeFiles/ardupilot_msgs__rosidl_generator_c.dir/rosidl_generator_c/ardupilot_msgs/msg/detail/status__functions.c.o[0m
[3.348s] [ 13%] [32mBuilding C object CMakeFiles/ardupilot_msgs__rosidl_generator_c.dir/rosidl_generator_c/ardupilot_msgs/msg/detail/status__type_support.c.o[0m
[3.353s] [ 14%] [32mBuilding C object CMakeFiles/ardupilot_msgs__rosidl_generator_c.dir/rosidl_generator_c/ardupilot_msgs/msg/detail/rc__description.c.o[0m
[3.355s] [ 15%] [32mBuilding C object CMakeFiles/ardupilot_msgs__rosidl_generator_c.dir/rosidl_generator_c/ardupilot_msgs/msg/detail/airspeed__type_support.c.o[0m
[3.409s] [ 17%] [32mBuilding C object CMakeFiles/ardupilot_msgs__rosidl_generator_c.dir/rosidl_generator_c/ardupilot_msgs/srv/detail/arm_motors__description.c.o[0m
[3.410s] [ 18%] [32mBuilding C object CMakeFiles/ardupilot_msgs__rosidl_generator_c.dir/rosidl_generator_c/ardupilot_msgs/srv/detail/arm_motors__functions.c.o[0m
[3.412s] [ 20%] [32mBuilding C object CMakeFiles/ardupilot_msgs__rosidl_generator_c.dir/rosidl_generator_c/ardupilot_msgs/srv/detail/mode_switch__description.c.o[0m
[3.412s] [ 20%] [32mBuilding C object CMakeFiles/ardupilot_msgs__rosidl_generator_c.dir/rosidl_generator_c/ardupilot_msgs/srv/detail/arm_motors__type_support.c.o[0m
[3.453s] [ 21%] [32mBuilding C object CMakeFiles/ardupilot_msgs__rosidl_generator_c.dir/rosidl_generator_c/ardupilot_msgs/srv/detail/mode_switch__functions.c.o[0m
[3.454s] [ 22%] [32mBuilding C object CMakeFiles/ardupilot_msgs__rosidl_generator_c.dir/rosidl_generator_c/ardupilot_msgs/srv/detail/mode_switch__type_support.c.o[0m
[3.457s] [ 23%] [32mBuilding C object CMakeFiles/ardupilot_msgs__rosidl_generator_c.dir/rosidl_generator_c/ardupilot_msgs/srv/detail/takeoff__description.c.o[0m
[3.465s] [ 24%] [32mBuilding C object CMakeFiles/ardupilot_msgs__rosidl_generator_c.dir/rosidl_generator_c/ardupilot_msgs/srv/detail/takeoff__functions.c.o[0m
[3.475s] [ 25%] [32mBuilding C object CMakeFiles/ardupilot_msgs__rosidl_generator_c.dir/rosidl_generator_c/ardupilot_msgs/srv/detail/takeoff__type_support.c.o[0m
[3.551s] [ 26%] [32m[1mLinking C shared library libardupilot_msgs__rosidl_generator_c.so[0m
[3.765s] [ 26%] Built target ardupilot_msgs__rosidl_generator_c
[3.778s] [ 31%] [34m[1mGenerating C type support dispatch for ROS interfaces[0m
[3.778s] [ 31%] [34m[1mGenerating C++ introspection for ROS interfaces[0m
[3.778s] [ 31%] [34m[1mGenerating C++ type support for eProsima Fast-RTPS[0m
[3.778s] [ 31%] [34m[1mGenerating C introspection for ROS interfaces[0m
[3.778s] [ 31%] [34m[1mGenerating C++ type support dispatch for ROS interfaces[0m
[3.780s] [ 32%] [34m[1mGenerating C type support for eProsima Fast-RTPS[0m
[4.673s] [ 34%] [32mBuilding CXX object CMakeFiles/ardupilot_msgs__rosidl_typesupport_c.dir/rosidl_typesupport_c/ardupilot_msgs/srv/arm_motors__type_support.cpp.o[0m
[4.674s] [ 35%] [32mBuilding CXX object CMakeFiles/ardupilot_msgs__rosidl_typesupport_c.dir/rosidl_typesupport_c/ardupilot_msgs/msg/status__type_support.cpp.o[0m
[4.678s] [ 36%] [32mBuilding CXX object CMakeFiles/ardupilot_msgs__rosidl_typesupport_c.dir/rosidl_typesupport_c/ardupilot_msgs/msg/global_position__type_support.cpp.o[0m
[4.679s] [ 38%] [32mBuilding CXX object CMakeFiles/ardupilot_msgs__rosidl_typesupport_c.dir/rosidl_typesupport_c/ardupilot_msgs/srv/takeoff__type_support.cpp.o[0m
[4.679s] [ 38%] [32mBuilding CXX object CMakeFiles/ardupilot_msgs__rosidl_typesupport_c.dir/rosidl_typesupport_c/ardupilot_msgs/srv/mode_switch__type_support.cpp.o[0m
[4.679s] [ 39%] [32mBuilding CXX object CMakeFiles/ardupilot_msgs__rosidl_typesupport_c.dir/rosidl_typesupport_c/ardupilot_msgs/msg/rc__type_support.cpp.o[0m
[4.680s] [ 40%] [32mBuilding CXX object CMakeFiles/ardupilot_msgs__rosidl_typesupport_c.dir/rosidl_typesupport_c/ardupilot_msgs/msg/airspeed__type_support.cpp.o[0m
[4.728s] [ 41%] [32mBuilding CXX object CMakeFiles/ardupilot_msgs__rosidl_typesupport_cpp.dir/rosidl_typesupport_cpp/ardupilot_msgs/msg/global_position__type_support.cpp.o[0m
[4.775s] [ 42%] [32mBuilding CXX object CMakeFiles/ardupilot_msgs__rosidl_typesupport_cpp.dir/rosidl_typesupport_cpp/ardupilot_msgs/msg/rc__type_support.cpp.o[0m
[4.775s] [ 43%] [32mBuilding CXX object CMakeFiles/ardupilot_msgs__rosidl_typesupport_cpp.dir/rosidl_typesupport_cpp/ardupilot_msgs/msg/status__type_support.cpp.o[0m
[4.781s] [ 44%] [32mBuilding CXX object CMakeFiles/ardupilot_msgs__rosidl_typesupport_cpp.dir/rosidl_typesupport_cpp/ardupilot_msgs/msg/airspeed__type_support.cpp.o[0m
[4.784s] [ 46%] [32mBuilding CXX object CMakeFiles/ardupilot_msgs__rosidl_typesupport_cpp.dir/rosidl_typesupport_cpp/ardupilot_msgs/srv/mode_switch__type_support.cpp.o[0m
[4.784s] [ 46%] [32mBuilding CXX object CMakeFiles/ardupilot_msgs__rosidl_typesupport_cpp.dir/rosidl_typesupport_cpp/ardupilot_msgs/srv/arm_motors__type_support.cpp.o[0m
[4.802s] [ 47%] [32m[1mLinking CXX shared library libardupilot_msgs__rosidl_typesupport_c.so[0m
[4.830s] [ 48%] [32mBuilding CXX object CMakeFiles/ardupilot_msgs__rosidl_typesupport_cpp.dir/rosidl_typesupport_cpp/ardupilot_msgs/srv/takeoff__type_support.cpp.o[0m
[5.016s] [ 50%] [32mBuilding CXX object CMakeFiles/ardupilot_msgs__rosidl_typesupport_introspection_cpp.dir/rosidl_typesupport_introspection_cpp/ardupilot_msgs/msg/detail/global_position__type_support.cpp.o[0m
[5.086s] [ 51%] [32mBuilding C object CMakeFiles/ardupilot_msgs__rosidl_typesupport_introspection_c.dir/rosidl_typesupport_introspection_c/ardupilot_msgs/msg/detail/global_position__type_support.c.o[0m
[5.207s] [ 52%] [32mBuilding C object CMakeFiles/ardupilot_msgs__rosidl_typesupport_introspection_c.dir/rosidl_typesupport_introspection_c/ardupilot_msgs/msg/detail/rc__type_support.c.o[0m
[5.312s] [ 53%] [32mBuilding C object CMakeFiles/ardupilot_msgs__rosidl_typesupport_introspection_c.dir/rosidl_typesupport_introspection_c/ardupilot_msgs/msg/detail/status__type_support.c.o[0m
[5.484s] [ 54%] [32mBuilding C object CMakeFiles/ardupilot_msgs__rosidl_typesupport_introspection_c.dir/rosidl_typesupport_introspection_c/ardupilot_msgs/msg/detail/airspeed__type_support.c.o[0m
[5.535s] [ 54%] Built target ardupilot_msgs__rosidl_typesupport_c
[5.566s] [ 55%] [32mBuilding CXX object CMakeFiles/ardupilot_msgs__rosidl_typesupport_introspection_cpp.dir/rosidl_typesupport_introspection_cpp/ardupilot_msgs/msg/detail/rc__type_support.cpp.o[0m
[5.567s] [ 56%] [32mBuilding CXX object CMakeFiles/ardupilot_msgs__rosidl_typesupport_fastrtps_cpp.dir/rosidl_typesupport_fastrtps_cpp/ardupilot_msgs/msg/detail/dds_fastrtps/global_position__type_support.cpp.o[0m
[5.573s] [ 57%] [32mBuilding C object CMakeFiles/ardupilot_msgs__rosidl_typesupport_introspection_c.dir/rosidl_typesupport_introspection_c/ardupilot_msgs/srv/detail/arm_motors__type_support.c.o[0m
[5.602s] [ 58%] [32mBuilding CXX object CMakeFiles/ardupilot_msgs__rosidl_typesupport_fastrtps_c.dir/rosidl_typesupport_fastrtps_c/ardupilot_msgs/msg/detail/global_position__type_support_c.cpp.o[0m
[5.603s] [ 59%] [32mBuilding CXX object CMakeFiles/ardupilot_msgs__rosidl_typesupport_fastrtps_cpp.dir/rosidl_typesupport_fastrtps_cpp/ardupilot_msgs/msg/detail/dds_fastrtps/rc__type_support.cpp.o[0m
[5.622s] [ 60%] [32mBuilding C object CMakeFiles/ardupilot_msgs__rosidl_typesupport_introspection_c.dir/rosidl_typesupport_introspection_c/ardupilot_msgs/srv/detail/mode_switch__type_support.c.o[0m
[5.650s] [ 61%] [32mBuilding CXX object CMakeFiles/ardupilot_msgs__rosidl_typesupport_fastrtps_cpp.dir/rosidl_typesupport_fastrtps_cpp/ardupilot_msgs/msg/detail/dds_fastrtps/status__type_support.cpp.o[0m
[5.673s] [ 62%] [32mBuilding C object CMakeFiles/ardupilot_msgs__rosidl_typesupport_introspection_c.dir/rosidl_typesupport_introspection_c/ardupilot_msgs/srv/detail/takeoff__type_support.c.o[0m
[5.721s] [ 63%] [32mBuilding CXX object CMakeFiles/ardupilot_msgs__rosidl_typesupport_fastrtps_c.dir/rosidl_typesupport_fastrtps_c/ardupilot_msgs/msg/detail/rc__type_support_c.cpp.o[0m
[5.747s] [ 64%] [32mBuilding CXX object CMakeFiles/ardupilot_msgs__rosidl_typesupport_introspection_cpp.dir/rosidl_typesupport_introspection_cpp/ardupilot_msgs/msg/detail/status__type_support.cpp.o[0m
[5.780s] [ 65%] [32m[1mLinking C shared library libardupilot_msgs__rosidl_typesupport_introspection_c.so[0m
[5.789s] [ 67%] [32mBuilding CXX object CMakeFiles/ardupilot_msgs__rosidl_typesupport_introspection_cpp.dir/rosidl_typesupport_introspection_cpp/ardupilot_msgs/msg/detail/airspeed__type_support.cpp.o[0m
[5.789s] [ 68%] [32m[1mLinking CXX shared library libardupilot_msgs__rosidl_typesupport_cpp.so[0m
[5.792s] [ 69%] [32mBuilding CXX object CMakeFiles/ardupilot_msgs__rosidl_typesupport_fastrtps_cpp.dir/rosidl_typesupport_fastrtps_cpp/ardupilot_msgs/msg/detail/dds_fastrtps/airspeed__type_support.cpp.o[0m
[5.833s] [ 70%] [32mBuilding CXX object CMakeFiles/ardupilot_msgs__rosidl_typesupport_introspection_cpp.dir/rosidl_typesupport_introspection_cpp/ardupilot_msgs/srv/detail/arm_motors__type_support.cpp.o[0m
[6.369s] [ 70%] Built target ardupilot_msgs__rosidl_typesupport_introspection_c
[6.379s] [ 71%] [32mBuilding CXX object CMakeFiles/ardupilot_msgs__rosidl_typesupport_fastrtps_c.dir/rosidl_typesupport_fastrtps_c/ardupilot_msgs/msg/detail/status__type_support_c.cpp.o[0m
[6.400s] [ 72%] [32mBuilding CXX object CMakeFiles/ardupilot_msgs__rosidl_typesupport_fastrtps_c.dir/rosidl_typesupport_fastrtps_c/ardupilot_msgs/msg/detail/airspeed__type_support_c.cpp.o[0m
[6.412s] [ 73%] [32mBuilding CXX object CMakeFiles/ardupilot_msgs__rosidl_typesupport_fastrtps_cpp.dir/rosidl_typesupport_fastrtps_cpp/ardupilot_msgs/srv/detail/dds_fastrtps/arm_motors__type_support.cpp.o[0m
[6.516s] [ 74%] [32mBuilding CXX object CMakeFiles/ardupilot_msgs__rosidl_typesupport_fastrtps_c.dir/rosidl_typesupport_fastrtps_c/ardupilot_msgs/srv/detail/arm_motors__type_support_c.cpp.o[0m
[6.576s] [ 75%] [32mBuilding CXX object CMakeFiles/ardupilot_msgs__rosidl_typesupport_fastrtps_c.dir/rosidl_typesupport_fastrtps_c/ardupilot_msgs/srv/detail/mode_switch__type_support_c.cpp.o[0m
[6.621s] [ 75%] Built target ardupilot_msgs__rosidl_typesupport_cpp
[6.652s] [ 76%] [32mBuilding CXX object CMakeFiles/ardupilot_msgs__rosidl_typesupport_introspection_cpp.dir/rosidl_typesupport_introspection_cpp/ardupilot_msgs/srv/detail/mode_switch__type_support.cpp.o[0m
[6.652s] [ 77%] [32mBuilding CXX object CMakeFiles/ardupilot_msgs__rosidl_typesupport_fastrtps_c.dir/rosidl_typesupport_fastrtps_c/ardupilot_msgs/srv/detail/takeoff__type_support_c.cpp.o[0m
[6.753s] [ 78%] [32mBuilding CXX object CMakeFiles/ardupilot_msgs__rosidl_typesupport_fastrtps_cpp.dir/rosidl_typesupport_fastrtps_cpp/ardupilot_msgs/srv/detail/dds_fastrtps/mode_switch__type_support.cpp.o[0m
[6.758s] [ 79%] [32mBuilding CXX object CMakeFiles/ardupilot_msgs__rosidl_typesupport_introspection_cpp.dir/rosidl_typesupport_introspection_cpp/ardupilot_msgs/srv/detail/takeoff__type_support.cpp.o[0m
[6.767s] [ 80%] [32mBuilding CXX object CMakeFiles/ardupilot_msgs__rosidl_typesupport_fastrtps_cpp.dir/rosidl_typesupport_fastrtps_cpp/ardupilot_msgs/srv/detail/dds_fastrtps/takeoff__type_support.cpp.o[0m
[7.570s] [ 81%] [32m[1mLinking CXX shared library libardupilot_msgs__rosidl_typesupport_introspection_cpp.so[0m
[7.641s] [ 82%] [32m[1mLinking CXX shared library libardupilot_msgs__rosidl_typesupport_fastrtps_c.so[0m
[7.956s] [ 84%] [32m[1mLinking CXX shared library libardupilot_msgs__rosidl_typesupport_fastrtps_cpp.so[0m
[8.006s] [ 84%] Built target ardupilot_msgs__rosidl_typesupport_introspection_cpp
[8.032s] [ 84%] Built target ardupilot_msgs__rosidl_typesupport_fastrtps_c
[8.298s] [ 84%] Built target ardupilot_msgs__rosidl_typesupport_fastrtps_cpp
[8.323s] [ 84%] Built target ardupilot_msgs
[8.346s] [ 85%] [34m[1mGenerating Python code for ROS interfaces[0m
[9.637s] [ 85%] Built target ardupilot_msgs__py
[9.677s] [ 88%] [32mBuilding C object CMakeFiles/ardupilot_msgs__rosidl_generator_py.dir/rosidl_generator_py/ardupilot_msgs/msg/_rc_s.c.o[0m
[9.678s] [ 88%] [32mBuilding C object CMakeFiles/ardupilot_msgs__rosidl_generator_py.dir/rosidl_generator_py/ardupilot_msgs/msg/_airspeed_s.c.o[0m
[9.678s] [ 88%] [32mBuilding C object CMakeFiles/ardupilot_msgs__rosidl_generator_py.dir/rosidl_generator_py/ardupilot_msgs/msg/_status_s.c.o[0m
[9.678s] [ 89%] [32mBuilding C object CMakeFiles/ardupilot_msgs__rosidl_generator_py.dir/rosidl_generator_py/ardupilot_msgs/srv/_mode_switch_s.c.o[0m
[9.679s] [ 90%] [32mBuilding C object CMakeFiles/ardupilot_msgs__rosidl_generator_py.dir/rosidl_generator_py/ardupilot_msgs/msg/_global_position_s.c.o[0m
[9.681s] [ 91%] [32mBuilding C object CMakeFiles/ardupilot_msgs__rosidl_generator_py.dir/rosidl_generator_py/ardupilot_msgs/srv/_arm_motors_s.c.o[0m
[9.682s] [ 92%] [32mBuilding C object CMakeFiles/ardupilot_msgs__rosidl_generator_py.dir/rosidl_generator_py/ardupilot_msgs/srv/_takeoff_s.c.o[0m
[9.972s] [ 93%] [32m[1mLinking C shared library libardupilot_msgs__rosidl_generator_py.so[0m
[10.243s] [ 93%] Built target ardupilot_msgs__rosidl_generator_py
[10.273s] [ 96%] [32mBuilding C object CMakeFiles/ardupilot_msgs_s__rosidl_typesupport_introspection_c.dir/rosidl_generator_py/ardupilot_msgs/_ardupilot_msgs_s.ep.rosidl_typesupport_introspection_c.c.o[0m
[10.273s] [ 96%] [32mBuilding C object CMakeFiles/ardupilot_msgs_s__rosidl_typesupport_fastrtps_c.dir/rosidl_generator_py/ardupilot_msgs/_ardupilot_msgs_s.ep.rosidl_typesupport_fastrtps_c.c.o[0m
[10.273s] [ 96%] [32mBuilding C object CMakeFiles/ardupilot_msgs_s__rosidl_typesupport_c.dir/rosidl_generator_py/ardupilot_msgs/_ardupilot_msgs_s.ep.rosidl_typesupport_c.c.o[0m
[10.436s] [ 97%] [32m[1mLinking C shared module rosidl_generator_py/ardupilot_msgs/ardupilot_msgs_s__rosidl_typesupport_c.so[0m
[10.440s] [ 98%] [32m[1mLinking C shared module rosidl_generator_py/ardupilot_msgs/ardupilot_msgs_s__rosidl_typesupport_introspection_c.so[0m
[10.444s] [100%] [32m[1mLinking C shared module rosidl_generator_py/ardupilot_msgs/ardupilot_msgs_s__rosidl_typesupport_fastrtps_c.so[0m
[10.665s] [100%] Built target ardupilot_msgs_s__rosidl_typesupport_c
[10.674s] [100%] Built target ardupilot_msgs_s__rosidl_typesupport_introspection_c
[10.746s] [100%] Built target ardupilot_msgs_s__rosidl_typesupport_fastrtps_c
[10.768s] Invoked command in '/home/javierbecerril/harmonic_ws/build/ardupilot_msgs' returned '0': CMAKE_PREFIX_PATH=${CMAKE_PREFIX_PATH}:/home/javierbecerril/harmonic_ws/install/tag_hover_two_tags:/home/javierbecerril/harmonic_ws/install/tag_hover_sim:/opt/ros/jazzy DEBUGINFOD_URLS=https://debuginfod.ubuntu.com PS1=(venv-ardupilot) \[\e]0;\u@\h: \w\a\]${debian_chroot:+($debian_chroot)}\[\033[01;32m\]\u@\h\[\033[00m\]:\[\033[01;34m\]\w\[\033[00m\]\$ VIRTUAL_ENV_PROMPT=(venv-ardupilot) /usr/bin/cmake --build /home/javierbecerril/harmonic_ws/build/ardupilot_msgs -- -j12 -l12
[10.786s] Invoking command in '/home/javierbecerril/harmonic_ws/build/ardupilot_msgs': CMAKE_PREFIX_PATH=${CMAKE_PREFIX_PATH}:/home/javierbecerril/harmonic_ws/install/tag_hover_two_tags:/home/javierbecerril/harmonic_ws/install/tag_hover_sim:/opt/ros/jazzy DEBUGINFOD_URLS=https://debuginfod.ubuntu.com PS1=(venv-ardupilot) \[\e]0;\u@\h: \w\a\]${debian_chroot:+($debian_chroot)}\[\033[01;32m\]\u@\h\[\033[00m\]:\[\033[01;34m\]\w\[\033[00m\]\$ VIRTUAL_ENV_PROMPT=(venv-ardupilot) /usr/bin/cmake --install /home/javierbecerril/harmonic_ws/build/ardupilot_msgs
[10.796s] -- Install configuration: ""
[10.797s] -- Execute custom install script
[10.798s] -- Up-to-date symlink: /home/javierbecerril/harmonic_ws/install/ardupilot_msgs/share/ament_index/resource_index/rosidl_interfaces/ardupilot_msgs
[10.799s] -- Up-to-date symlink: /home/javierbecerril/harmonic_ws/install/ardupilot_msgs/share/ardupilot_msgs/msg/GlobalPosition.json
[10.799s] -- Up-to-date symlink: /home/javierbecerril/harmonic_ws/install/ardupilot_msgs/share/ardupilot_msgs/msg/Rc.json
[10.799s] -- Up-to-date symlink: /home/javierbecerril/harmonic_ws/install/ardupilot_msgs/share/ardupilot_msgs/msg/Status.json
[10.799s] -- Up-to-date symlink: /home/javierbecerril/harmonic_ws/install/ardupilot_msgs/share/ardupilot_msgs/msg/Airspeed.json
[10.800s] -- Up-to-date symlink: /home/javierbecerril/harmonic_ws/install/ardupilot_msgs/share/ardupilot_msgs/srv/ArmMotors.json
[10.800s] -- Up-to-date symlink: /home/javierbecerril/harmonic_ws/install/ardupilot_msgs/share/ardupilot_msgs/srv/ModeSwitch.json
[10.800s] -- Up-to-date symlink: /home/javierbecerril/harmonic_ws/install/ardupilot_msgs/share/ardupilot_msgs/srv/Takeoff.json
[10.800s] -- Up-to-date symlink: /home/javierbecerril/harmonic_ws/install/ardupilot_msgs/include/ardupilot_msgs/ardupilot_msgs/msg/airspeed.h
[10.800s] -- Up-to-date symlink: /home/javierbecerril/harmonic_ws/install/ardupilot_msgs/include/ardupilot_msgs/ardupilot_msgs/msg/detail/airspeed__functions.h
[10.800s] -- Up-to-date symlink: /home/javierbecerril/harmonic_ws/install/ardupilot_msgs/include/ardupilot_msgs/ardupilot_msgs/msg/detail/airspeed__struct.h
[10.800s] -- Up-to-date symlink: /home/javierbecerril/harmonic_ws/install/ardupilot_msgs/include/ardupilot_msgs/ardupilot_msgs/msg/detail/airspeed__type_support.h
[10.801s] -- Up-to-date symlink: /home/javierbecerril/harmonic_ws/install/ardupilot_msgs/include/ardupilot_msgs/ardupilot_msgs/msg/detail/global_position__functions.h
[10.801s] -- Up-to-date symlink: /home/javierbecerril/harmonic_ws/install/ardupilot_msgs/include/ardupilot_msgs/ardupilot_msgs/msg/detail/global_position__struct.h
[10.801s] -- Up-to-date symlink: /home/javierbecerril/harmonic_ws/install/ardupilot_msgs/include/ardupilot_msgs/ardupilot_msgs/msg/detail/global_position__type_support.h
[10.801s] -- Up-to-date symlink: /home/javierbecerril/harmonic_ws/install/ardupilot_msgs/include/ardupilot_msgs/ardupilot_msgs/msg/detail/rc__functions.h
[10.801s] -- Up-to-date symlink: /home/javierbecerril/harmonic_ws/install/ardupilot_msgs/include/ardupilot_msgs/ardupilot_msgs/msg/detail/rc__struct.h
[10.801s] -- Up-to-date symlink: /home/javierbecerril/harmonic_ws/install/ardupilot_msgs/include/ardupilot_msgs/ardupilot_msgs/msg/detail/rc__type_support.h
[10.801s] -- Up-to-date symlink: /home/javierbecerril/harmonic_ws/install/ardupilot_msgs/include/ardupilot_msgs/ardupilot_msgs/msg/detail/status__functions.h
[10.801s] -- Up-to-date symlink: /home/javierbecerril/harmonic_ws/install/ardupilot_msgs/include/ardupilot_msgs/ardupilot_msgs/msg/detail/status__struct.h
[10.801s] -- Up-to-date symlink: /home/javierbecerril/harmonic_ws/install/ardupilot_msgs/include/ardupilot_msgs/ardupilot_msgs/msg/detail/status__type_support.h
[10.801s] -- Up-to-date symlink: /home/javierbecerril/harmonic_ws/install/ardupilot_msgs/include/ardupilot_msgs/ardupilot_msgs/msg/global_position.h
[10.801s] -- Up-to-date symlink: /home/javierbecerril/harmonic_ws/install/ardupilot_msgs/include/ardupilot_msgs/ardupilot_msgs/msg/rc.h
[10.802s] -- Up-to-date symlink: /home/javierbecerril/harmonic_ws/install/ardupilot_msgs/include/ardupilot_msgs/ardupilot_msgs/msg/rosidl_generator_c__visibility_control.h
[10.802s] -- Up-to-date symlink: /home/javierbecerril/harmonic_ws/install/ardupilot_msgs/include/ardupilot_msgs/ardupilot_msgs/msg/status.h
[10.802s] -- Up-to-date symlink: /home/javierbecerril/harmonic_ws/install/ardupilot_msgs/include/ardupilot_msgs/ardupilot_msgs/srv/arm_motors.h
[10.802s] -- Up-to-date symlink: /home/javierbecerril/harmonic_ws/install/ardupilot_msgs/include/ardupilot_msgs/ardupilot_msgs/srv/detail/arm_motors__functions.h
[10.802s] -- Up-to-date symlink: /home/javierbecerril/harmonic_ws/install/ardupilot_msgs/include/ardupilot_msgs/ardupilot_msgs/srv/detail/arm_motors__struct.h
[10.802s] -- Up-to-date symlink: /home/javierbecerril/harmonic_ws/install/ardupilot_msgs/include/ardupilot_msgs/ardupilot_msgs/srv/detail/arm_motors__type_support.h
[10.802s] -- Up-to-date symlink: /home/javierbecerril/harmonic_ws/install/ardupilot_msgs/include/ardupilot_msgs/ardupilot_msgs/srv/detail/mode_switch__functions.h
[10.802s] -- Up-to-date symlink: /home/javierbecerril/harmonic_ws/install/ardupilot_msgs/include/ardupilot_msgs/ardupilot_msgs/srv/detail/mode_switch__struct.h
[10.803s] -- Up-to-date symlink: /home/javierbecerril/harmonic_ws/install/ardupilot_msgs/include/ardupilot_msgs/ardupilot_msgs/srv/detail/mode_switch__type_support.h
[10.803s] -- Up-to-date symlink: /home/javierbecerril/harmonic_ws/install/ardupilot_msgs/include/ardupilot_msgs/ardupilot_msgs/srv/detail/takeoff__functions.h
[10.803s] -- Up-to-date symlink: /home/javierbecerril/harmonic_ws/install/ardupilot_msgs/include/ardupilot_msgs/ardupilot_msgs/srv/detail/takeoff__struct.h
[10.803s] -- Up-to-date symlink: /home/javierbecerril/harmonic_ws/install/ardupilot_msgs/include/ardupilot_msgs/ardupilot_msgs/srv/detail/takeoff__type_support.h
[10.803s] -- Up-to-date symlink: /home/javierbecerril/harmonic_ws/install/ardupilot_msgs/include/ardupilot_msgs/ardupilot_msgs/srv/mode_switch.h
[10.803s] -- Up-to-date symlink: /home/javierbecerril/harmonic_ws/install/ardupilot_msgs/include/ardupilot_msgs/ardupilot_msgs/srv/takeoff.h
[10.804s] -- Up-to-date symlink: /home/javierbecerril/harmonic_ws/install/ardupilot_msgs/share/ardupilot_msgs/environment/library_path.sh
[10.804s] -- Up-to-date symlink: /home/javierbecerril/harmonic_ws/install/ardupilot_msgs/share/ardupilot_msgs/environment/library_path.dsv
[10.804s] -- Up-to-date symlink: /home/javierbecerril/harmonic_ws/install/ardupilot_msgs/include/ardupilot_msgs/ardupilot_msgs/msg/detail/airspeed__rosidl_typesupport_fastrtps_c.h
[10.804s] -- Up-to-date symlink: /home/javierbecerril/harmonic_ws/install/ardupilot_msgs/include/ardupilot_msgs/ardupilot_msgs/msg/detail/global_position__rosidl_typesupport_fastrtps_c.h
[10.805s] -- Up-to-date symlink: /home/javierbecerril/harmonic_ws/install/ardupilot_msgs/include/ardupilot_msgs/ardupilot_msgs/msg/detail/rc__rosidl_typesupport_fastrtps_c.h
[10.805s] -- Up-to-date symlink: /home/javierbecerril/harmonic_ws/install/ardupilot_msgs/include/ardupilot_msgs/ardupilot_msgs/msg/detail/status__rosidl_typesupport_fastrtps_c.h
[10.805s] -- Up-to-date symlink: /home/javierbecerril/harmonic_ws/install/ardupilot_msgs/include/ardupilot_msgs/ardupilot_msgs/msg/rosidl_typesupport_fastrtps_c__visibility_control.h
[10.805s] -- Up-to-date symlink: /home/javierbecerril/harmonic_ws/install/ardupilot_msgs/include/ardupilot_msgs/ardupilot_msgs/srv/detail/arm_motors__rosidl_typesupport_fastrtps_c.h
[10.805s] -- Up-to-date symlink: /home/javierbecerril/harmonic_ws/install/ardupilot_msgs/include/ardupilot_msgs/ardupilot_msgs/srv/detail/mode_switch__rosidl_typesupport_fastrtps_c.h
[10.805s] -- Up-to-date symlink: /home/javierbecerril/harmonic_ws/install/ardupilot_msgs/include/ardupilot_msgs/ardupilot_msgs/srv/detail/takeoff__rosidl_typesupport_fastrtps_c.h
[10.806s] -- Up-to-date symlink: /home/javierbecerril/harmonic_ws/install/ardupilot_msgs/include/ardupilot_msgs/ardupilot_msgs/msg/airspeed.hpp
[10.806s] -- Up-to-date symlink: /home/javierbecerril/harmonic_ws/install/ardupilot_msgs/include/ardupilot_msgs/ardupilot_msgs/msg/detail/airspeed__builder.hpp
[10.806s] -- Up-to-date symlink: /home/javierbecerril/harmonic_ws/install/ardupilot_msgs/include/ardupilot_msgs/ardupilot_msgs/msg/detail/airspeed__struct.hpp
[10.807s] -- Up-to-date symlink: /home/javierbecerril/harmonic_ws/install/ardupilot_msgs/include/ardupilot_msgs/ardupilot_msgs/msg/detail/airspeed__traits.hpp
[10.807s] -- Up-to-date symlink: /home/javierbecerril/harmonic_ws/install/ardupilot_msgs/include/ardupilot_msgs/ardupilot_msgs/msg/detail/airspeed__type_support.hpp
[10.807s] -- Up-to-date symlink: /home/javierbecerril/harmonic_ws/install/ardupilot_msgs/include/ardupilot_msgs/ardupilot_msgs/msg/detail/global_position__builder.hpp
[10.807s] -- Up-to-date symlink: /home/javierbecerril/harmonic_ws/install/ardupilot_msgs/include/ardupilot_msgs/ardupilot_msgs/msg/detail/global_position__struct.hpp
[10.807s] -- Up-to-date symlink: /home/javierbecerril/harmonic_ws/install/ardupilot_msgs/include/ardupilot_msgs/ardupilot_msgs/msg/detail/global_position__traits.hpp
[10.808s] -- Up-to-date symlink: /home/javierbecerril/harmonic_ws/install/ardupilot_msgs/include/ardupilot_msgs/ardupilot_msgs/msg/detail/global_position__type_support.hpp
[10.808s] -- Up-to-date symlink: /home/javierbecerril/harmonic_ws/install/ardupilot_msgs/include/ardupilot_msgs/ardupilot_msgs/msg/detail/rc__builder.hpp
[10.808s] -- Up-to-date symlink: /home/javierbecerril/harmonic_ws/install/ardupilot_msgs/include/ardupilot_msgs/ardupilot_msgs/msg/detail/rc__struct.hpp
[10.808s] -- Up-to-date symlink: /home/javierbecerril/harmonic_ws/install/ardupilot_msgs/include/ardupilot_msgs/ardupilot_msgs/msg/detail/rc__traits.hpp
[10.809s] -- Up-to-date symlink: /home/javierbecerril/harmonic_ws/install/ardupilot_msgs/include/ardupilot_msgs/ardupilot_msgs/msg/detail/rc__type_support.hpp
[10.809s] -- Up-to-date symlink: /home/javierbecerril/harmonic_ws/install/ardupilot_msgs/include/ardupilot_msgs/ardupilot_msgs/msg/detail/status__builder.hpp
[10.809s] -- Up-to-date symlink: /home/javierbecerril/harmonic_ws/install/ardupilot_msgs/include/ardupilot_msgs/ardupilot_msgs/msg/detail/status__struct.hpp
[10.809s] -- Up-to-date symlink: /home/javierbecerril/harmonic_ws/install/ardupilot_msgs/include/ardupilot_msgs/ardupilot_msgs/msg/detail/status__traits.hpp
[10.809s] -- Up-to-date symlink: /home/javierbecerril/harmonic_ws/install/ardupilot_msgs/include/ardupilot_msgs/ardupilot_msgs/msg/detail/status__type_support.hpp
[10.810s] -- Up-to-date symlink: /home/javierbecerril/harmonic_ws/install/ardupilot_msgs/include/ardupilot_msgs/ardupilot_msgs/msg/global_position.hpp
[10.810s] -- Up-to-date symlink: /home/javierbecerril/harmonic_ws/install/ardupilot_msgs/include/ardupilot_msgs/ardupilot_msgs/msg/rc.hpp
[10.810s] -- Up-to-date symlink: /home/javierbecerril/harmonic_ws/install/ardupilot_msgs/include/ardupilot_msgs/ardupilot_msgs/msg/rosidl_generator_cpp__visibility_control.hpp
[10.810s] -- Up-to-date symlink: /home/javierbecerril/harmonic_ws/install/ardupilot_msgs/include/ardupilot_msgs/ardupilot_msgs/msg/status.hpp
[10.810s] -- Up-to-date symlink: /home/javierbecerril/harmonic_ws/install/ardupilot_msgs/include/ardupilot_msgs/ardupilot_msgs/srv/arm_motors.hpp
[10.810s] -- Up-to-date symlink: /home/javierbecerril/harmonic_ws/install/ardupilot_msgs/include/ardupilot_msgs/ardupilot_msgs/srv/detail/arm_motors__builder.hpp
[10.810s] -- Up-to-date symlink: /home/javierbecerril/harmonic_ws/install/ardupilot_msgs/include/ardupilot_msgs/ardupilot_msgs/srv/detail/arm_motors__struct.hpp
[10.810s] -- Up-to-date symlink: /home/javierbecerril/harmonic_ws/install/ardupilot_msgs/include/ardupilot_msgs/ardupilot_msgs/srv/detail/arm_motors__traits.hpp
[10.811s] -- Up-to-date symlink: /home/javierbecerril/harmonic_ws/install/ardupilot_msgs/include/ardupilot_msgs/ardupilot_msgs/srv/detail/arm_motors__type_support.hpp
[10.811s] -- Up-to-date symlink: /home/javierbecerril/harmonic_ws/install/ardupilot_msgs/include/ardupilot_msgs/ardupilot_msgs/srv/detail/mode_switch__builder.hpp
[10.811s] -- Up-to-date symlink: /home/javierbecerril/harmonic_ws/install/ardupilot_msgs/include/ardupilot_msgs/ardupilot_msgs/srv/detail/mode_switch__struct.hpp
[10.811s] -- Up-to-date symlink: /home/javierbecerril/harmonic_ws/install/ardupilot_msgs/include/ardupilot_msgs/ardupilot_msgs/srv/detail/mode_switch__traits.hpp
[10.811s] -- Up-to-date symlink: /home/javierbecerril/harmonic_ws/install/ardupilot_msgs/include/ardupilot_msgs/ardupilot_msgs/srv/detail/mode_switch__type_support.hpp
[10.811s] -- Up-to-date symlink: /home/javierbecerril/harmonic_ws/install/ardupilot_msgs/include/ardupilot_msgs/ardupilot_msgs/srv/detail/takeoff__builder.hpp
[10.812s] -- Up-to-date symlink: /home/javierbecerril/harmonic_ws/install/ardupilot_msgs/include/ardupilot_msgs/ardupilot_msgs/srv/detail/takeoff__struct.hpp
[10.812s] -- Up-to-date symlink: /home/javierbecerril/harmonic_ws/install/ardupilot_msgs/include/ardupilot_msgs/ardupilot_msgs/srv/detail/takeoff__traits.hpp
[10.812s] -- Up-to-date symlink: /home/javierbecerril/harmonic_ws/install/ardupilot_msgs/include/ardupilot_msgs/ardupilot_msgs/srv/detail/takeoff__type_support.hpp
[10.812s] -- Up-to-date symlink: /home/javierbecerril/harmonic_ws/install/ardupilot_msgs/include/ardupilot_msgs/ardupilot_msgs/srv/mode_switch.hpp
[10.812s] -- Up-to-date symlink: /home/javierbecerril/harmonic_ws/install/ardupilot_msgs/include/ardupilot_msgs/ardupilot_msgs/srv/takeoff.hpp
[10.812s] -- Up-to-date symlink: /home/javierbecerril/harmonic_ws/install/ardupilot_msgs/include/ardupilot_msgs/ardupilot_msgs/msg/detail/airspeed__rosidl_typesupport_fastrtps_cpp.hpp
[10.813s] -- Up-to-date symlink: /home/javierbecerril/harmonic_ws/install/ardupilot_msgs/include/ardupilot_msgs/ardupilot_msgs/msg/detail/global_position__rosidl_typesupport_fastrtps_cpp.hpp
[10.813s] -- Up-to-date symlink: /home/javierbecerril/harmonic_ws/install/ardupilot_msgs/include/ardupilot_msgs/ardupilot_msgs/msg/detail/rc__rosidl_typesupport_fastrtps_cpp.hpp
[10.813s] -- Up-to-date symlink: /home/javierbecerril/harmonic_ws/install/ardupilot_msgs/include/ardupilot_msgs/ardupilot_msgs/msg/detail/status__rosidl_typesupport_fastrtps_cpp.hpp
[10.813s] -- Up-to-date symlink: /home/javierbecerril/harmonic_ws/install/ardupilot_msgs/include/ardupilot_msgs/ardupilot_msgs/msg/rosidl_typesupport_fastrtps_cpp__visibility_control.h
[10.813s] -- Up-to-date symlink: /home/javierbecerril/harmonic_ws/install/ardupilot_msgs/include/ardupilot_msgs/ardupilot_msgs/srv/detail/arm_motors__rosidl_typesupport_fastrtps_cpp.hpp
[10.814s] -- Up-to-date symlink: /home/javierbecerril/harmonic_ws/install/ardupilot_msgs/include/ardupilot_msgs/ardupilot_msgs/srv/detail/mode_switch__rosidl_typesupport_fastrtps_cpp.hpp
[10.814s] -- Up-to-date symlink: /home/javierbecerril/harmonic_ws/install/ardupilot_msgs/include/ardupilot_msgs/ardupilot_msgs/srv/detail/takeoff__rosidl_typesupport_fastrtps_cpp.hpp
[10.814s] -- Up-to-date symlink: /home/javierbecerril/harmonic_ws/install/ardupilot_msgs/include/ardupilot_msgs/ardupilot_msgs/msg/detail/airspeed__rosidl_typesupport_introspection_c.h
[10.815s] -- Up-to-date symlink: /home/javierbecerril/harmonic_ws/install/ardupilot_msgs/include/ardupilot_msgs/ardupilot_msgs/msg/detail/global_position__rosidl_typesupport_introspection_c.h
[10.815s] -- Up-to-date symlink: /home/javierbecerril/harmonic_ws/install/ardupilot_msgs/include/ardupilot_msgs/ardupilot_msgs/msg/detail/rc__rosidl_typesupport_introspection_c.h
[10.815s] -- Up-to-date symlink: /home/javierbecerril/harmonic_ws/install/ardupilot_msgs/include/ardupilot_msgs/ardupilot_msgs/msg/detail/status__rosidl_typesupport_introspection_c.h
[10.815s] -- Up-to-date symlink: /home/javierbecerril/harmonic_ws/install/ardupilot_msgs/include/ardupilot_msgs/ardupilot_msgs/msg/rosidl_typesupport_introspection_c__visibility_control.h
[10.815s] -- Up-to-date symlink: /home/javierbecerril/harmonic_ws/install/ardupilot_msgs/include/ardupilot_msgs/ardupilot_msgs/srv/detail/arm_motors__rosidl_typesupport_introspection_c.h
[10.816s] -- Up-to-date symlink: /home/javierbecerril/harmonic_ws/install/ardupilot_msgs/include/ardupilot_msgs/ardupilot_msgs/srv/detail/mode_switch__rosidl_typesupport_introspection_c.h
[10.816s] -- Up-to-date symlink: /home/javierbecerril/harmonic_ws/install/ardupilot_msgs/include/ardupilot_msgs/ardupilot_msgs/srv/detail/takeoff__rosidl_typesupport_introspection_c.h
[10.817s] -- Up-to-date symlink: /home/javierbecerril/harmonic_ws/install/ardupilot_msgs/include/ardupilot_msgs/ardupilot_msgs/msg/detail/airspeed__rosidl_typesupport_introspection_cpp.hpp
[10.817s] -- Up-to-date symlink: /home/javierbecerril/harmonic_ws/install/ardupilot_msgs/include/ardupilot_msgs/ardupilot_msgs/msg/detail/global_position__rosidl_typesupport_introspection_cpp.hpp
[10.817s] -- Up-to-date symlink: /home/javierbecerril/harmonic_ws/install/ardupilot_msgs/include/ardupilot_msgs/ardupilot_msgs/msg/detail/rc__rosidl_typesupport_introspection_cpp.hpp
[10.817s] -- Up-to-date symlink: /home/javierbecerril/harmonic_ws/install/ardupilot_msgs/include/ardupilot_msgs/ardupilot_msgs/msg/detail/status__rosidl_typesupport_introspection_cpp.hpp
[10.817s] -- Up-to-date symlink: /home/javierbecerril/harmonic_ws/install/ardupilot_msgs/include/ardupilot_msgs/ardupilot_msgs/srv/detail/arm_motors__rosidl_typesupport_introspection_cpp.hpp
[10.817s] -- Up-to-date symlink: /home/javierbecerril/harmonic_ws/install/ardupilot_msgs/include/ardupilot_msgs/ardupilot_msgs/srv/detail/mode_switch__rosidl_typesupport_introspection_cpp.hpp
[10.817s] -- Up-to-date symlink: /home/javierbecerril/harmonic_ws/install/ardupilot_msgs/include/ardupilot_msgs/ardupilot_msgs/srv/detail/takeoff__rosidl_typesupport_introspection_cpp.hpp
[10.817s] -- Up-to-date symlink: /home/javierbecerril/harmonic_ws/install/ardupilot_msgs/share/ardupilot_msgs/environment/pythonpath.sh
[10.817s] -- Up-to-date symlink: /home/javierbecerril/harmonic_ws/install/ardupilot_msgs/share/ardupilot_msgs/environment/pythonpath.dsv
[10.817s] -- Up-to-date symlink: /home/javierbecerril/harmonic_ws/install/ardupilot_msgs/lib/python3.12/site-packages/ardupilot_msgs-0.0.0-py3.12.egg-info/PKG-INFO
[10.817s] -- Up-to-date symlink: /home/javierbecerril/harmonic_ws/install/ardupilot_msgs/lib/python3.12/site-packages/ardupilot_msgs-0.0.0-py3.12.egg-info/SOURCES.txt
[10.817s] -- Up-to-date symlink: /home/javierbecerril/harmonic_ws/install/ardupilot_msgs/lib/python3.12/site-packages/ardupilot_msgs-0.0.0-py3.12.egg-info/dependency_links.txt
[10.817s] -- Up-to-date symlink: /home/javierbecerril/harmonic_ws/install/ardupilot_msgs/lib/python3.12/site-packages/ardupilot_msgs-0.0.0-py3.12.egg-info/top_level.txt
[10.817s] -- Up-to-date symlink: /home/javierbecerril/harmonic_ws/install/ardupilot_msgs/lib/python3.12/site-packages/ardupilot_msgs/__init__.py
[10.818s] -- Up-to-date symlink: /home/javierbecerril/harmonic_ws/install/ardupilot_msgs/lib/python3.12/site-packages/ardupilot_msgs/_ardupilot_msgs_s.ep.rosidl_typesupport_c.c
[10.818s] -- Up-to-date symlink: /home/javierbecerril/harmonic_ws/install/ardupilot_msgs/lib/python3.12/site-packages/ardupilot_msgs/_ardupilot_msgs_s.ep.rosidl_typesupport_fastrtps_c.c
[10.819s] -- Up-to-date symlink: /home/javierbecerril/harmonic_ws/install/ardupilot_msgs/lib/python3.12/site-packages/ardupilot_msgs/_ardupilot_msgs_s.ep.rosidl_typesupport_introspection_c.c
[10.819s] -- Up-to-date symlink: /home/javierbecerril/harmonic_ws/install/ardupilot_msgs/lib/python3.12/site-packages/ardupilot_msgs/ardupilot_msgs_s__rosidl_typesupport_c.so
[10.819s] -- Up-to-date symlink: /home/javierbecerril/harmonic_ws/install/ardupilot_msgs/lib/python3.12/site-packages/ardupilot_msgs/ardupilot_msgs_s__rosidl_typesupport_fastrtps_c.so
[10.820s] -- Up-to-date symlink: /home/javierbecerril/harmonic_ws/install/ardupilot_msgs/lib/python3.12/site-packages/ardupilot_msgs/ardupilot_msgs_s__rosidl_typesupport_introspection_c.so
[10.820s] -- Up-to-date symlink: /home/javierbecerril/harmonic_ws/install/ardupilot_msgs/lib/python3.12/site-packages/ardupilot_msgs/msg/__init__.py
[10.820s] -- Up-to-date symlink: /home/javierbecerril/harmonic_ws/install/ardupilot_msgs/lib/python3.12/site-packages/ardupilot_msgs/msg/_airspeed.py
[10.820s] -- Up-to-date symlink: /home/javierbecerril/harmonic_ws/install/ardupilot_msgs/lib/python3.12/site-packages/ardupilot_msgs/msg/_airspeed_s.c
[10.821s] -- Up-to-date symlink: /home/javierbecerril/harmonic_ws/install/ardupilot_msgs/lib/python3.12/site-packages/ardupilot_msgs/msg/_global_position.py
[10.821s] -- Up-to-date symlink: /home/javierbecerril/harmonic_ws/install/ardupilot_msgs/lib/python3.12/site-packages/ardupilot_msgs/msg/_global_position_s.c
[10.822s] -- Up-to-date symlink: /home/javierbecerril/harmonic_ws/install/ardupilot_msgs/lib/python3.12/site-packages/ardupilot_msgs/msg/_rc.py
[10.822s] -- Up-to-date symlink: /home/javierbecerril/harmonic_ws/install/ardupilot_msgs/lib/python3.12/site-packages/ardupilot_msgs/msg/_rc_s.c
[10.822s] -- Up-to-date symlink: /home/javierbecerril/harmonic_ws/install/ardupilot_msgs/lib/python3.12/site-packages/ardupilot_msgs/msg/_status.py
[10.823s] -- Up-to-date symlink: /home/javierbecerril/harmonic_ws/install/ardupilot_msgs/lib/python3.12/site-packages/ardupilot_msgs/msg/_status_s.c
[10.823s] -- Up-to-date symlink: /home/javierbecerril/harmonic_ws/install/ardupilot_msgs/lib/python3.12/site-packages/ardupilot_msgs/srv/__init__.py
[10.823s] -- Up-to-date symlink: /home/javierbecerril/harmonic_ws/install/ardupilot_msgs/lib/python3.12/site-packages/ardupilot_msgs/srv/_arm_motors.py
[10.823s] -- Up-to-date symlink: /home/javierbecerril/harmonic_ws/install/ardupilot_msgs/lib/python3.12/site-packages/ardupilot_msgs/srv/_arm_motors_s.c
[10.823s] -- Up-to-date symlink: /home/javierbecerril/harmonic_ws/install/ardupilot_msgs/lib/python3.12/site-packages/ardupilot_msgs/srv/_mode_switch.py
[10.824s] -- Up-to-date symlink: /home/javierbecerril/harmonic_ws/install/ardupilot_msgs/lib/python3.12/site-packages/ardupilot_msgs/srv/_mode_switch_s.c
[10.824s] -- Up-to-date symlink: /home/javierbecerril/harmonic_ws/install/ardupilot_msgs/lib/python3.12/site-packages/ardupilot_msgs/srv/_takeoff.py
[10.824s] -- Up-to-date symlink: /home/javierbecerril/harmonic_ws/install/ardupilot_msgs/lib/python3.12/site-packages/ardupilot_msgs/srv/_takeoff_s.c
[10.824s] -- Up-to-date symlink: /home/javierbecerril/harmonic_ws/install/ardupilot_msgs/lib/python3.12/site-packages/ardupilot_msgs/ardupilot_msgs_s__rosidl_typesupport_fastrtps_c.so
[10.825s] -- Up-to-date symlink: /home/javierbecerril/harmonic_ws/install/ardupilot_msgs/lib/python3.12/site-packages/ardupilot_msgs/ardupilot_msgs_s__rosidl_typesupport_introspection_c.so
[10.825s] -- Up-to-date symlink: /home/javierbecerril/harmonic_ws/install/ardupilot_msgs/lib/python3.12/site-packages/ardupilot_msgs/ardupilot_msgs_s__rosidl_typesupport_c.so
[10.825s] -- Up-to-date symlink: /home/javierbecerril/harmonic_ws/install/ardupilot_msgs/share/ardupilot_msgs/msg/GlobalPosition.idl
[10.825s] -- Up-to-date symlink: /home/javierbecerril/harmonic_ws/install/ardupilot_msgs/share/ardupilot_msgs/msg/Rc.idl
[10.826s] -- Up-to-date symlink: /home/javierbecerril/harmonic_ws/install/ardupilot_msgs/share/ardupilot_msgs/msg/Status.idl
[10.826s] -- Up-to-date symlink: /home/javierbecerril/harmonic_ws/install/ardupilot_msgs/share/ardupilot_msgs/msg/Airspeed.idl
[10.826s] -- Up-to-date symlink: /home/javierbecerril/harmonic_ws/install/ardupilot_msgs/share/ardupilot_msgs/srv/ArmMotors.idl
[10.826s] -- Up-to-date symlink: /home/javierbecerril/harmonic_ws/install/ardupilot_msgs/share/ardupilot_msgs/srv/ModeSwitch.idl
[10.826s] -- Up-to-date symlink: /home/javierbecerril/harmonic_ws/install/ardupilot_msgs/share/ardupilot_msgs/srv/Takeoff.idl
[10.826s] -- Up-to-date symlink: /home/javierbecerril/harmonic_ws/install/ardupilot_msgs/share/ardupilot_msgs/msg/GlobalPosition.msg
[10.826s] -- Up-to-date symlink: /home/javierbecerril/harmonic_ws/install/ardupilot_msgs/share/ardupilot_msgs/msg/Rc.msg
[10.826s] -- Up-to-date symlink: /home/javierbecerril/harmonic_ws/install/ardupilot_msgs/share/ardupilot_msgs/msg/Status.msg
[10.826s] -- Up-to-date symlink: /home/javierbecerril/harmonic_ws/install/ardupilot_msgs/share/ardupilot_msgs/msg/Airspeed.msg
[10.827s] -- Up-to-date symlink: /home/javierbecerril/harmonic_ws/install/ardupilot_msgs/share/ardupilot_msgs/srv/ArmMotors.srv
[10.827s] -- Up-to-date symlink: /home/javierbecerril/harmonic_ws/install/ardupilot_msgs/share/ardupilot_msgs/srv/ModeSwitch.srv
[10.827s] -- Up-to-date symlink: /home/javierbecerril/harmonic_ws/install/ardupilot_msgs/share/ardupilot_msgs/srv/Takeoff.srv
[10.827s] -- Up-to-date symlink: /home/javierbecerril/harmonic_ws/install/ardupilot_msgs/share/ament_index/resource_index/package_run_dependencies/ardupilot_msgs
[10.827s] -- Up-to-date symlink: /home/javierbecerril/harmonic_ws/install/ardupilot_msgs/share/ament_index/resource_index/parent_prefix_path/ardupilot_msgs
[10.827s] -- Up-to-date symlink: /home/javierbecerril/harmonic_ws/install/ardupilot_msgs/share/ardupilot_msgs/environment/ament_prefix_path.sh
[10.827s] -- Up-to-date symlink: /home/javierbecerril/harmonic_ws/install/ardupilot_msgs/share/ardupilot_msgs/environment/ament_prefix_path.dsv
[10.827s] -- Up-to-date symlink: /home/javierbecerril/harmonic_ws/install/ardupilot_msgs/share/ardupilot_msgs/environment/path.sh
[10.828s] -- Up-to-date symlink: /home/javierbecerril/harmonic_ws/install/ardupilot_msgs/share/ardupilot_msgs/environment/path.dsv
[10.828s] -- Up-to-date symlink: /home/javierbecerril/harmonic_ws/install/ardupilot_msgs/share/ardupilot_msgs/local_setup.bash
[10.828s] -- Up-to-date symlink: /home/javierbecerril/harmonic_ws/install/ardupilot_msgs/share/ardupilot_msgs/local_setup.sh
[10.828s] -- Up-to-date symlink: /home/javierbecerril/harmonic_ws/install/ardupilot_msgs/share/ardupilot_msgs/local_setup.zsh
[10.828s] -- Up-to-date symlink: /home/javierbecerril/harmonic_ws/install/ardupilot_msgs/share/ardupilot_msgs/local_setup.dsv
[10.828s] -- Symlinking: /home/javierbecerril/harmonic_ws/install/ardupilot_msgs/share/ardupilot_msgs/package.dsv
[10.838s] -- Up-to-date symlink: /home/javierbecerril/harmonic_ws/install/ardupilot_msgs/share/ament_index/resource_index/packages/ardupilot_msgs
[10.838s] -- Up-to-date symlink: /home/javierbecerril/harmonic_ws/install/ardupilot_msgs/share/ardupilot_msgs/cmake/rosidl_cmake-extras.cmake
[10.839s] -- Up-to-date symlink: /home/javierbecerril/harmonic_ws/install/ardupilot_msgs/share/ardupilot_msgs/cmake/ament_cmake_export_dependencies-extras.cmake
[10.839s] -- Up-to-date symlink: /home/javierbecerril/harmonic_ws/install/ardupilot_msgs/share/ardupilot_msgs/cmake/ament_cmake_export_include_directories-extras.cmake
[10.840s] -- Up-to-date symlink: /home/javierbecerril/harmonic_ws/install/ardupilot_msgs/share/ardupilot_msgs/cmake/ament_cmake_export_libraries-extras.cmake
[10.840s] -- Up-to-date symlink: /home/javierbecerril/harmonic_ws/install/ardupilot_msgs/share/ardupilot_msgs/cmake/ament_cmake_export_targets-extras.cmake
[10.840s] -- Up-to-date symlink: /home/javierbecerril/harmonic_ws/install/ardupilot_msgs/share/ardupilot_msgs/cmake/rosidl_cmake_export_typesupport_targets-extras.cmake
[10.840s] -- Up-to-date symlink: /home/javierbecerril/harmonic_ws/install/ardupilot_msgs/share/ardupilot_msgs/cmake/rosidl_cmake_export_typesupport_libraries-extras.cmake
[10.840s] -- Up-to-date symlink: /home/javierbecerril/harmonic_ws/install/ardupilot_msgs/share/ardupilot_msgs/cmake/ardupilot_msgsConfig.cmake
[10.840s] -- Up-to-date symlink: /home/javierbecerril/harmonic_ws/install/ardupilot_msgs/share/ardupilot_msgs/cmake/ardupilot_msgsConfig-version.cmake
[10.840s] -- Up-to-date symlink: /home/javierbecerril/harmonic_ws/install/ardupilot_msgs/share/ardupilot_msgs/package.xml
[10.842s] -- Installing: /home/javierbecerril/harmonic_ws/install/ardupilot_msgs/lib/libardupilot_msgs__rosidl_generator_c.so
[10.843s] -- Set non-toolchain portion of runtime path of "/home/javierbecerril/harmonic_ws/install/ardupilot_msgs/lib/libardupilot_msgs__rosidl_generator_c.so" to ""
[10.844s] -- Installing: /home/javierbecerril/harmonic_ws/install/ardupilot_msgs/lib/libardupilot_msgs__rosidl_typesupport_fastrtps_c.so
[10.845s] -- Set non-toolchain portion of runtime path of "/home/javierbecerril/harmonic_ws/install/ardupilot_msgs/lib/libardupilot_msgs__rosidl_typesupport_fastrtps_c.so" to ""
[10.846s] -- Installing: /home/javierbecerril/harmonic_ws/install/ardupilot_msgs/lib/libardupilot_msgs__rosidl_typesupport_fastrtps_cpp.so
[10.846s] -- Set non-toolchain portion of runtime path of "/home/javierbecerril/harmonic_ws/install/ardupilot_msgs/lib/libardupilot_msgs__rosidl_typesupport_fastrtps_cpp.so" to ""
[10.848s] -- Installing: /home/javierbecerril/harmonic_ws/install/ardupilot_msgs/lib/libardupilot_msgs__rosidl_typesupport_introspection_c.so
[10.848s] -- Set non-toolchain portion of runtime path of "/home/javierbecerril/harmonic_ws/install/ardupilot_msgs/lib/libardupilot_msgs__rosidl_typesupport_introspection_c.so" to ""
[10.849s] -- Installing: /home/javierbecerril/harmonic_ws/install/ardupilot_msgs/lib/libardupilot_msgs__rosidl_typesupport_c.so
[10.849s] -- Set non-toolchain portion of runtime path of "/home/javierbecerril/harmonic_ws/install/ardupilot_msgs/lib/libardupilot_msgs__rosidl_typesupport_c.so" to ""
[10.850s] -- Installing: /home/javierbecerril/harmonic_ws/install/ardupilot_msgs/lib/libardupilot_msgs__rosidl_typesupport_introspection_cpp.so
[10.851s] -- Set non-toolchain portion of runtime path of "/home/javierbecerril/harmonic_ws/install/ardupilot_msgs/lib/libardupilot_msgs__rosidl_typesupport_introspection_cpp.so" to ""
[10.852s] -- Installing: /home/javierbecerril/harmonic_ws/install/ardupilot_msgs/lib/libardupilot_msgs__rosidl_typesupport_cpp.so
[10.852s] -- Set non-toolchain portion of runtime path of "/home/javierbecerril/harmonic_ws/install/ardupilot_msgs/lib/libardupilot_msgs__rosidl_typesupport_cpp.so" to ""
[10.959s] Listing '/home/javierbecerril/harmonic_ws/install/ardupilot_msgs/lib/python3.12/site-packages/ardupilot_msgs'...
[10.959s] Compiling '/home/javierbecerril/harmonic_ws/install/ardupilot_msgs/lib/python3.12/site-packages/ardupilot_msgs/__init__.py'...
[10.960s] Listing '/home/javierbecerril/harmonic_ws/install/ardupilot_msgs/lib/python3.12/site-packages/ardupilot_msgs/msg'...
[10.960s] Compiling '/home/javierbecerril/harmonic_ws/install/ardupilot_msgs/lib/python3.12/site-packages/ardupilot_msgs/msg/__init__.py'...
[10.960s] Compiling '/home/javierbecerril/harmonic_ws/install/ardupilot_msgs/lib/python3.12/site-packages/ardupilot_msgs/msg/_airspeed.py'...
[10.961s] Compiling '/home/javierbecerril/harmonic_ws/install/ardupilot_msgs/lib/python3.12/site-packages/ardupilot_msgs/msg/_global_position.py'...
[10.961s] Compiling '/home/javierbecerril/harmonic_ws/install/ardupilot_msgs/lib/python3.12/site-packages/ardupilot_msgs/msg/_rc.py'...
[10.961s] Compiling '/home/javierbecerril/harmonic_ws/install/ardupilot_msgs/lib/python3.12/site-packages/ardupilot_msgs/msg/_status.py'...
[10.961s] Listing '/home/javierbecerril/harmonic_ws/install/ardupilot_msgs/lib/python3.12/site-packages/ardupilot_msgs/srv'...
[10.961s] Compiling '/home/javierbecerril/harmonic_ws/install/ardupilot_msgs/lib/python3.12/site-packages/ardupilot_msgs/srv/__init__.py'...
[10.961s] Compiling '/home/javierbecerril/harmonic_ws/install/ardupilot_msgs/lib/python3.12/site-packages/ardupilot_msgs/srv/_arm_motors.py'...
[10.961s] Compiling '/home/javierbecerril/harmonic_ws/install/ardupilot_msgs/lib/python3.12/site-packages/ardupilot_msgs/srv/_mode_switch.py'...
[10.962s] Compiling '/home/javierbecerril/harmonic_ws/install/ardupilot_msgs/lib/python3.12/site-packages/ardupilot_msgs/srv/_takeoff.py'...
[10.995s] -- Installing: /home/javierbecerril/harmonic_ws/install/ardupilot_msgs/lib/libardupilot_msgs__rosidl_generator_py.so
[10.997s] -- Set non-toolchain portion of runtime path of "/home/javierbecerril/harmonic_ws/install/ardupilot_msgs/lib/libardupilot_msgs__rosidl_generator_py.so" to ""
[10.998s] -- Up-to-date: /home/javierbecerril/harmonic_ws/install/ardupilot_msgs/share/ardupilot_msgs/cmake/export_ardupilot_msgs__rosidl_generator_cExport.cmake
[10.999s] -- Up-to-date: /home/javierbecerril/harmonic_ws/install/ardupilot_msgs/share/ardupilot_msgs/cmake/export_ardupilot_msgs__rosidl_generator_cExport-noconfig.cmake
[11.000s] -- Up-to-date: /home/javierbecerril/harmonic_ws/install/ardupilot_msgs/share/ardupilot_msgs/cmake/export_ardupilot_msgs__rosidl_typesupport_fastrtps_cExport.cmake
[11.000s] -- Up-to-date: /home/javierbecerril/harmonic_ws/install/ardupilot_msgs/share/ardupilot_msgs/cmake/export_ardupilot_msgs__rosidl_typesupport_fastrtps_cExport-noconfig.cmake
[11.003s] -- Up-to-date: /home/javierbecerril/harmonic_ws/install/ardupilot_msgs/share/ardupilot_msgs/cmake/export_ardupilot_msgs__rosidl_generator_cppExport.cmake
[11.011s] -- Up-to-date: /home/javierbecerril/harmonic_ws/install/ardupilot_msgs/share/ardupilot_msgs/cmake/export_ardupilot_msgs__rosidl_typesupport_fastrtps_cppExport.cmake
[11.011s] -- Up-to-date: /home/javierbecerril/harmonic_ws/install/ardupilot_msgs/share/ardupilot_msgs/cmake/export_ardupilot_msgs__rosidl_typesupport_fastrtps_cppExport-noconfig.cmake
[11.012s] -- Up-to-date: /home/javierbecerril/harmonic_ws/install/ardupilot_msgs/share/ardupilot_msgs/cmake/ardupilot_msgs__rosidl_typesupport_introspection_cExport.cmake
[11.013s] -- Up-to-date: /home/javierbecerril/harmonic_ws/install/ardupilot_msgs/share/ardupilot_msgs/cmake/ardupilot_msgs__rosidl_typesupport_introspection_cExport-noconfig.cmake
[11.013s] -- Up-to-date: /home/javierbecerril/harmonic_ws/install/ardupilot_msgs/share/ardupilot_msgs/cmake/ardupilot_msgs__rosidl_typesupport_cExport.cmake
[11.014s] -- Up-to-date: /home/javierbecerril/harmonic_ws/install/ardupilot_msgs/share/ardupilot_msgs/cmake/ardupilot_msgs__rosidl_typesupport_cExport-noconfig.cmake
[11.014s] -- Up-to-date: /home/javierbecerril/harmonic_ws/install/ardupilot_msgs/share/ardupilot_msgs/cmake/ardupilot_msgs__rosidl_typesupport_introspection_cppExport.cmake
[11.014s] -- Up-to-date: /home/javierbecerril/harmonic_ws/install/ardupilot_msgs/share/ardupilot_msgs/cmake/ardupilot_msgs__rosidl_typesupport_introspection_cppExport-noconfig.cmake
[11.014s] -- Up-to-date: /home/javierbecerril/harmonic_ws/install/ardupilot_msgs/share/ardupilot_msgs/cmake/ardupilot_msgs__rosidl_typesupport_cppExport.cmake
[11.015s] -- Up-to-date: /home/javierbecerril/harmonic_ws/install/ardupilot_msgs/share/ardupilot_msgs/cmake/ardupilot_msgs__rosidl_typesupport_cppExport-noconfig.cmake
[11.015s] -- Up-to-date: /home/javierbecerril/harmonic_ws/install/ardupilot_msgs/share/ardupilot_msgs/cmake/export_ardupilot_msgs__rosidl_generator_pyExport.cmake
[11.015s] -- Up-to-date: /home/javierbecerril/harmonic_ws/install/ardupilot_msgs/share/ardupilot_msgs/cmake/export_ardupilot_msgs__rosidl_generator_pyExport-noconfig.cmake
[11.017s] Invoked command in '/home/javierbecerril/harmonic_ws/build/ardupilot_msgs' returned '0': CMAKE_PREFIX_PATH=${CMAKE_PREFIX_PATH}:/home/javierbecerril/harmonic_ws/install/tag_hover_two_tags:/home/javierbecerril/harmonic_ws/install/tag_hover_sim:/opt/ros/jazzy DEBUGINFOD_URLS=https://debuginfod.ubuntu.com PS1=(venv-ardupilot) \[\e]0;\u@\h: \w\a\]${debian_chroot:+($debian_chroot)}\[\033[01;32m\]\u@\h\[\033[00m\]:\[\033[01;34m\]\w\[\033[00m\]\$ VIRTUAL_ENV_PROMPT=(venv-ardupilot) /usr/bin/cmake --install /home/javierbecerril/harmonic_ws/build/ardupilot_msgs
