[1.471s] Invoking command in '/home/javierbecerril/harmonic_ws/build/tag_hover_sim': DEBUGINFOD_URLS=https://debuginfod.ubuntu.com PS1=(venv-ardupilot) \[\e]0;\u@\h: \w\a\]${debian_chroot:+($debian_chroot)}\[\033[01;32m\]\u@\h\[\033[00m\]:\[\033[01;34m\]\w\[\033[00m\]\$ PYTHONPATH=/home/javierbecerril/harmonic_ws/build/tag_hover_sim/prefix_override:/usr/lib/python3/dist-packages/colcon_core/task/python/colcon_distutils_commands:/home/javierbecerril/harmonic_ws/install/tag_hover_sim/lib/python3.12/site-packages:${PYTHONPATH} VIRTUAL_ENV_PROMPT=(venv-ardupilot) /usr/bin/python3 -W ignore:setup.py install is deprecated -W ignore:easy_install command is deprecated setup.py develop --editable --build-directory /home/javierbecerril/harmonic_ws/build/tag_hover_sim/build --no-deps symlink_data --force
[1.871s] running develop
[2.085s] running egg_info
[2.114s] writing tag_hover_sim.egg-info/PKG-INFO
[2.115s] writing dependency_links to tag_hover_sim.egg-info/dependency_links.txt
[2.116s] writing entry points to tag_hover_sim.egg-info/entry_points.txt
[2.116s] writing requirements to tag_hover_sim.egg-info/requires.txt
[2.116s] writing top-level names to tag_hover_sim.egg-info/top_level.txt
[2.165s] reading manifest file 'tag_hover_sim.egg-info/SOURCES.txt'
[2.167s] writing manifest file 'tag_hover_sim.egg-info/SOURCES.txt'
[2.198s] running build_ext
[2.199s] Creating /home/javierbecerril/harmonic_ws/install/tag_hover_sim/lib/python3.12/site-packages/tag-hover-sim.egg-link (link to .)
[2.201s] Installing apriltag_pnp_broadcaster script to /home/javierbecerril/harmonic_ws/install/tag_hover_sim/lib/tag_hover_sim
[2.203s] Installing apriltag_tf_broadcaster script to /home/javierbecerril/harmonic_ws/install/tag_hover_sim/lib/tag_hover_sim
[2.203s] Installing hover_yaw_search script to /home/javierbecerril/harmonic_ws/install/tag_hover_sim/lib/tag_hover_sim
[2.203s] 
[2.204s] Installed /home/javierbecerril/harmonic_ws/build/tag_hover_sim
[2.204s] running symlink_data
[2.205s] symbolically linking /home/javierbecerril/harmonic_ws/build/tag_hover_sim/resource/tag_hover_sim -> /home/javierbecerril/harmonic_ws/install/tag_hover_sim/share/ament_index/resource_index/packages
[2.205s] symbolically linking /home/javierbecerril/harmonic_ws/build/tag_hover_sim/package.xml -> /home/javierbecerril/harmonic_ws/install/tag_hover_sim/share/tag_hover_sim
[2.205s] symbolically linking /home/javierbecerril/harmonic_ws/build/tag_hover_sim/launch/sim_lockon_backbone.launch.py -> /home/javierbecerril/harmonic_ws/install/tag_hover_sim/share/tag_hover_sim/launch
[2.206s] symbolically linking /home/javierbecerril/harmonic_ws/build/tag_hover_sim/config/apriltag_params.yaml -> /home/javierbecerril/harmonic_ws/install/tag_hover_sim/share/tag_hover_sim/config
[2.279s] Invoked command in '/home/javierbecerril/harmonic_ws/build/tag_hover_sim' returned '0': DEBUGINFOD_URLS=https://debuginfod.ubuntu.com PS1=(venv-ardupilot) \[\e]0;\u@\h: \w\a\]${debian_chroot:+($debian_chroot)}\[\033[01;32m\]\u@\h\[\033[00m\]:\[\033[01;34m\]\w\[\033[00m\]\$ PYTHONPATH=/home/javierbecerril/harmonic_ws/build/tag_hover_sim/prefix_override:/usr/lib/python3/dist-packages/colcon_core/task/python/colcon_distutils_commands:/home/javierbecerril/harmonic_ws/install/tag_hover_sim/lib/python3.12/site-packages:${PYTHONPATH} VIRTUAL_ENV_PROMPT=(venv-ardupilot) /usr/bin/python3 -W ignore:setup.py install is deprecated -W ignore:easy_install command is deprecated setup.py develop --editable --build-directory /home/javierbecerril/harmonic_ws/build/tag_hover_sim/build --no-deps symlink_data --force
