running egg_info
writing ../../build/tag_hover_two_tags/tag_hover_two_tags.egg-info/PKG-INFO
writing dependency_links to ../../build/tag_hover_two_tags/tag_hover_two_tags.egg-info/dependency_links.txt
writing entry points to ../../build/tag_hover_two_tags/tag_hover_two_tags.egg-info/entry_points.txt
writing requirements to ../../build/tag_hover_two_tags/tag_hover_two_tags.egg-info/requires.txt
writing top-level names to ../../build/tag_hover_two_tags/tag_hover_two_tags.egg-info/top_level.txt
reading manifest file '../../build/tag_hover_two_tags/tag_hover_two_tags.egg-info/SOURCES.txt'
writing manifest file '../../build/tag_hover_two_tags/tag_hover_two_tags.egg-info/SOURCES.txt'
running build
running build_py
creating /home/javierbecerril/harmonic_ws/build/tag_hover_two_tags/build/lib/tag_hover_controller
copying tag_hover_controller/__init__.py -> /home/javierbecerril/harmonic_ws/build/tag_hover_two_tags/build/lib/tag_hover_controller
copying tag_hover_controller/hover_yaw_search.py -> /home/javierbecerril/harmonic_ws/build/tag_hover_two_tags/build/lib/tag_hover_controller
creating /home/javierbecerril/harmonic_ws/build/tag_hover_two_tags/build/lib/tag_hover_sim
copying tag_hover_sim/hover_yaw_search_v2.py -> /home/javierbecerril/harmonic_ws/build/tag_hover_two_tags/build/lib/tag_hover_sim
copying tag_hover_sim/__init__.py -> /home/javierbecerril/harmonic_ws/build/tag_hover_two_tags/build/lib/tag_hover_sim
copying tag_hover_sim/hover_yaw_search_v1.py -> /home/javierbecerril/harmonic_ws/build/tag_hover_two_tags/build/lib/tag_hover_sim
copying tag_hover_sim/hover_yaw_search_sensor_lock.py -> /home/javierbecerril/harmonic_ws/build/tag_hover_two_tags/build/lib/tag_hover_sim
copying tag_hover_sim/hover_yaw_search.py -> /home/javierbecerril/harmonic_ws/build/tag_hover_two_tags/build/lib/tag_hover_sim
copying tag_hover_sim/apriltag_tf_broadcaster.py -> /home/javierbecerril/harmonic_ws/build/tag_hover_two_tags/build/lib/tag_hover_sim
copying tag_hover_sim/apriltag_pnp_broadcaster.py -> /home/javierbecerril/harmonic_ws/build/tag_hover_two_tags/build/lib/tag_hover_sim
running install
running install_lib
creating /home/javierbecerril/harmonic_ws/install/tag_hover_two_tags/lib/python3.12/site-packages/tag_hover_sim
copying /home/javierbecerril/harmonic_ws/build/tag_hover_two_tags/build/lib/tag_hover_sim/hover_yaw_search_v2.py -> /home/javierbecerril/harmonic_ws/install/tag_hover_two_tags/lib/python3.12/site-packages/tag_hover_sim
copying /home/javierbecerril/harmonic_ws/build/tag_hover_two_tags/build/lib/tag_hover_sim/__init__.py -> /home/javierbecerril/harmonic_ws/install/tag_hover_two_tags/lib/python3.12/site-packages/tag_hover_sim
copying /home/javierbecerril/harmonic_ws/build/tag_hover_two_tags/build/lib/tag_hover_sim/hover_yaw_search_v1.py -> /home/javierbecerril/harmonic_ws/install/tag_hover_two_tags/lib/python3.12/site-packages/tag_hover_sim
copying /home/javierbecerril/harmonic_ws/build/tag_hover_two_tags/build/lib/tag_hover_sim/hover_yaw_search_sensor_lock.py -> /home/javierbecerril/harmonic_ws/install/tag_hover_two_tags/lib/python3.12/site-packages/tag_hover_sim
copying /home/javierbecerril/harmonic_ws/build/tag_hover_two_tags/build/lib/tag_hover_sim/hover_yaw_search.py -> /home/javierbecerril/harmonic_ws/install/tag_hover_two_tags/lib/python3.12/site-packages/tag_hover_sim
copying /home/javierbecerril/harmonic_ws/build/tag_hover_two_tags/build/lib/tag_hover_sim/apriltag_tf_broadcaster.py -> /home/javierbecerril/harmonic_ws/install/tag_hover_two_tags/lib/python3.12/site-packages/tag_hover_sim
copying /home/javierbecerril/harmonic_ws/build/tag_hover_two_tags/build/lib/tag_hover_sim/apriltag_pnp_broadcaster.py -> /home/javierbecerril/harmonic_ws/install/tag_hover_two_tags/lib/python3.12/site-packages/tag_hover_sim
creating /home/javierbecerril/harmonic_ws/install/tag_hover_two_tags/lib/python3.12/site-packages/tag_hover_controller
copying /home/javierbecerril/harmonic_ws/build/tag_hover_two_tags/build/lib/tag_hover_controller/__init__.py -> /home/javierbecerril/harmonic_ws/install/tag_hover_two_tags/lib/python3.12/site-packages/tag_hover_controller
copying /home/javierbecerril/harmonic_ws/build/tag_hover_two_tags/build/lib/tag_hover_controller/hover_yaw_search.py -> /home/javierbecerril/harmonic_ws/install/tag_hover_two_tags/lib/python3.12/site-packages/tag_hover_controller
byte-compiling /home/javierbecerril/harmonic_ws/install/tag_hover_two_tags/lib/python3.12/site-packages/tag_hover_sim/hover_yaw_search_v2.py to hover_yaw_search_v2.cpython-312.pyc
byte-compiling /home/javierbecerril/harmonic_ws/install/tag_hover_two_tags/lib/python3.12/site-packages/tag_hover_sim/__init__.py to __init__.cpython-312.pyc
byte-compiling /home/javierbecerril/harmonic_ws/install/tag_hover_two_tags/lib/python3.12/site-packages/tag_hover_sim/hover_yaw_search_v1.py to hover_yaw_search_v1.cpython-312.pyc
byte-compiling /home/javierbecerril/harmonic_ws/install/tag_hover_two_tags/lib/python3.12/site-packages/tag_hover_sim/hover_yaw_search_sensor_lock.py to hover_yaw_search_sensor_lock.cpython-312.pyc
byte-compiling /home/javierbecerril/harmonic_ws/install/tag_hover_two_tags/lib/python3.12/site-packages/tag_hover_sim/hover_yaw_search.py to hover_yaw_search.cpython-312.pyc
byte-compiling /home/javierbecerril/harmonic_ws/install/tag_hover_two_tags/lib/python3.12/site-packages/tag_hover_sim/apriltag_tf_broadcaster.py to apriltag_tf_broadcaster.cpython-312.pyc
byte-compiling /home/javierbecerril/harmonic_ws/install/tag_hover_two_tags/lib/python3.12/site-packages/tag_hover_sim/apriltag_pnp_broadcaster.py to apriltag_pnp_broadcaster.cpython-312.pyc
byte-compiling /home/javierbecerril/harmonic_ws/install/tag_hover_two_tags/lib/python3.12/site-packages/tag_hover_controller/__init__.py to __init__.cpython-312.pyc
byte-compiling /home/javierbecerril/harmonic_ws/install/tag_hover_two_tags/lib/python3.12/site-packages/tag_hover_controller/hover_yaw_search.py to hover_yaw_search.cpython-312.pyc
running install_data
copying worlds/apriltag_two_tags.sdf -> /home/javierbecerril/harmonic_ws/install/tag_hover_two_tags/share/tag_hover_two_tags/worlds
running install_egg_info
removing '/home/javierbecerril/harmonic_ws/install/tag_hover_two_tags/lib/python3.12/site-packages/tag_hover_two_tags-0.1.0-py3.12.egg-info' (and everything under it)
Copying ../../build/tag_hover_two_tags/tag_hover_two_tags.egg-info to /home/javierbecerril/harmonic_ws/install/tag_hover_two_tags/lib/python3.12/site-packages/tag_hover_two_tags-0.1.0-py3.12.egg-info
running install_scripts
Installing apriltag_pnp_broadcaster script to /home/javierbecerril/harmonic_ws/install/tag_hover_two_tags/lib/tag_hover_two_tags
Installing apriltag_tf_broadcaster script to /home/javierbecerril/harmonic_ws/install/tag_hover_two_tags/lib/tag_hover_two_tags
Installing hover_yaw_search script to /home/javierbecerril/harmonic_ws/install/tag_hover_two_tags/lib/tag_hover_two_tags
Installing relative_vibration_pose script to /home/javierbecerril/harmonic_ws/install/tag_hover_two_tags/lib/tag_hover_two_tags
Installing tag_oscillator script to /home/javierbecerril/harmonic_ws/install/tag_hover_two_tags/lib/tag_hover_two_tags
Installing tag_overlay script to /home/javierbecerril/harmonic_ws/install/tag_hover_two_tags/lib/tag_hover_two_tags
Installing tag_pose_selector script to /home/javierbecerril/harmonic_ws/install/tag_hover_two_tags/lib/tag_hover_two_tags
writing list of installed files to '/home/javierbecerril/harmonic_ws/build/tag_hover_two_tags/install.log'
