/home/javierbecerril/harmonic_ws/install/tag_hover_sim/lib/python3.12/site-packages/tag_hover_sim/hover_yaw_search_v2.py
/home/javierbecerril/harmonic_ws/install/tag_hover_sim/lib/python3.12/site-packages/tag_hover_sim/__init__.py
/home/javierbecerril/harmonic_ws/install/tag_hover_sim/lib/python3.12/site-packages/tag_hover_sim/hover_yaw_search_v1.py
/home/javierbecerril/harmonic_ws/install/tag_hover_sim/lib/python3.12/site-packages/tag_hover_sim/hover_yaw_search_sensor_lock.py
/home/javierbecerril/harmonic_ws/install/tag_hover_sim/lib/python3.12/site-packages/tag_hover_sim/hover_yaw_search.py
/home/javierbecerril/harmonic_ws/install/tag_hover_sim/lib/python3.12/site-packages/tag_hover_sim/apriltag_tf_broadcaster.py
/home/javierbecerril/harmonic_ws/install/tag_hover_sim/lib/python3.12/site-packages/tag_hover_sim/apriltag_pnp_broadcaster.py
/home/javierbecerril/harmonic_ws/install/tag_hover_sim/lib/python3.12/site-packages/tag_hover_sim/__pycache__/hover_yaw_search_v2.cpython-312.pyc
/home/javierbecerril/harmonic_ws/install/tag_hover_sim/lib/python3.12/site-packages/tag_hover_sim/__pycache__/__init__.cpython-312.pyc
/home/javierbecerril/harmonic_ws/install/tag_hover_sim/lib/python3.12/site-packages/tag_hover_sim/__pycache__/hover_yaw_search_v1.cpython-312.pyc
/home/javierbecerril/harmonic_ws/install/tag_hover_sim/lib/python3.12/site-packages/tag_hover_sim/__pycache__/hover_yaw_search_sensor_lock.cpython-312.pyc
/home/javierbecerril/harmonic_ws/install/tag_hover_sim/lib/python3.12/site-packages/tag_hover_sim/__pycache__/hover_yaw_search.cpython-312.pyc
/home/javierbecerril/harmonic_ws/install/tag_hover_sim/lib/python3.12/site-packages/tag_hover_sim/__pycache__/apriltag_tf_broadcaster.cpython-312.pyc
/home/javierbecerril/harmonic_ws/install/tag_hover_sim/lib/python3.12/site-packages/tag_hover_sim/__pycache__/apriltag_pnp_broadcaster.cpython-312.pyc
/home/javierbecerril/harmonic_ws/install/tag_hover_sim/share/ament_index/resource_index/packages/tag_hover_sim
/home/javierbecerril/harmonic_ws/install/tag_hover_sim/share/tag_hover_sim/package.xml
/home/javierbecerril/harmonic_ws/install/tag_hover_sim/share/tag_hover_sim/launch/sim_lockon_backbone.launch.py
/home/javierbecerril/harmonic_ws/install/tag_hover_sim/share/tag_hover_sim/launch/sim_vision_stack.launch.py
/home/javierbecerril/harmonic_ws/install/tag_hover_sim/share/tag_hover_sim/config/apriltag_params.yaml
/home/javierbecerril/harmonic_ws/install/tag_hover_sim/share/tag_hover_sim/worlds/testing_nodrone.sdf
/home/javierbecerril/harmonic_ws/install/tag_hover_sim/share/tag_hover_sim/worlds/apriltag_test.sdf
/home/javierbecerril/harmonic_ws/install/tag_hover_sim/lib/python3.12/site-packages/tag_hover_sim-0.1.0-py3.12.egg-info/dependency_links.txt
/home/javierbecerril/harmonic_ws/install/tag_hover_sim/lib/python3.12/site-packages/tag_hover_sim-0.1.0-py3.12.egg-info/entry_points.txt
/home/javierbecerril/harmonic_ws/install/tag_hover_sim/lib/python3.12/site-packages/tag_hover_sim-0.1.0-py3.12.egg-info/SOURCES.txt
/home/javierbecerril/harmonic_ws/install/tag_hover_sim/lib/python3.12/site-packages/tag_hover_sim-0.1.0-py3.12.egg-info/requires.txt
/home/javierbecerril/harmonic_ws/install/tag_hover_sim/lib/python3.12/site-packages/tag_hover_sim-0.1.0-py3.12.egg-info/top_level.txt
/home/javierbecerril/harmonic_ws/install/tag_hover_sim/lib/python3.12/site-packages/tag_hover_sim-0.1.0-py3.12.egg-info/zip-safe
/home/javierbecerril/harmonic_ws/install/tag_hover_sim/lib/python3.12/site-packages/tag_hover_sim-0.1.0-py3.12.egg-info/PKG-INFO
/home/javierbecerril/harmonic_ws/install/tag_hover_sim/lib/tag_hover_sim/apriltag_pnp_broadcaster
/home/javierbecerril/harmonic_ws/install/tag_hover_sim/lib/tag_hover_sim/apriltag_tf_broadcaster
/home/javierbecerril/harmonic_ws/install/tag_hover_sim/lib/tag_hover_sim/hover_yaw_search
/home/javierbecerril/harmonic_ws/install/tag_hover_sim/lib/tag_hover_sim/hover_yaw_search_sensor_lock
/home/javierbecerril/harmonic_ws/install/tag_hover_sim/lib/tag_hover_sim/hover_yaw_search_v1
/home/javierbecerril/harmonic_ws/install/tag_hover_sim/lib/tag_hover_sim/hover_yaw_search_v2
