[0.029s] Invoking command in '/home/javierbecerril/harmonic_ws/build/ardupilot_gazebo': CMAKE_PREFIX_PATH=${CMAKE_PREFIX_PATH}:/home/javierbecerril/harmonic_ws/install/tag_hover_two_tags:/home/javierbecerril/harmonic_ws/install/tag_hover_sim:/opt/ros/jazzy DEBUGINFOD_URLS=https://debuginfod.ubuntu.com PS1=(venv-ardupilot) \[\e]0;\u@\h: \w\a\]${debian_chroot:+($debian_chroot)}\[\033[01;32m\]\u@\h\[\033[00m\]:\[\033[01;34m\]\w\[\033[00m\]\$ VIRTUAL_ENV_PROMPT=(venv-ardupilot) /usr/bin/cmake /home/javierbecerril/harmonic_ws/src/ardupilot_gazebo -DCMAKE_INSTALL_PREFIX=/home/javierbecerril/harmonic_ws/install/ardupilot_gazebo
[0.323s] -- Override CMake install command with custom implementation using symlinks instead of copying resources
[0.330s] [0mBuilding ardupilot_gazebo as an `ament_cmake` project.[0m
[0.356s] -- Looking for gz-common5 -- found version 5.7.1
[0.357s] -- Searching for dependencies of gz-common5
[0.360s] -- Looking for gz-utils2 -- found version 2.2.1
[0.360s] -- Searching for dependencies of gz-utils2
[0.362s] -- Looking for dlfcn.h - found
[0.362s] -- Looking for libdl - found
[0.377s] -- Checking for module 'uuid'
[0.402s] --   Found uuid, version 2.39.3
[0.439s] -- Looking for gz-common5 - found
[0.439s] 
[0.442s] -- Looking for gz-rendering8 -- found version 8.2.3
[0.442s] -- Searching for dependencies of gz-rendering8
[0.444s] -- Looking for gz-math7 -- found version 7.5.2
[0.444s] -- Searching for dependencies of gz-math7
[0.444s] -- Looking for gz-utils2 -- found version 2.2.1
[0.446s] -- Searching for <gz-math7> component [eigen3]
[0.448s] -- Looking for gz-math7-eigen3 -- found version 7.5.2
[0.448s] -- Searching for dependencies of gz-math7-eigen3
[0.452s] -- Looking for gz-common5 -- found version 5.7.1
[0.453s] -- Searching for dependencies of gz-common5
[0.453s] -- Looking for gz-utils2 -- found version 2.2.1
[0.453s] -- Looking for dlfcn.h - found
[0.453s] -- Looking for libdl - found
[0.460s] -- Searching for <gz-common5> component [graphics]
[0.461s] -- Looking for gz-common5-graphics -- found version 5.7.1
[0.462s] -- Searching for dependencies of gz-common5-graphics
[0.462s] -- Looking for gz-math7 -- found version 7.5.2
[0.470s] -- Searching for <gz-common5> component [events]
[0.472s] -- Looking for gz-common5-events -- found version 5.7.1
[0.472s] -- Searching for dependencies of gz-common5-events
[0.472s] -- Looking for gz-math7 -- found version 7.5.2
[0.473s] -- Searching for <gz-common5> component [geospatial]
[0.474s] -- Looking for gz-common5-geospatial -- found version 5.7.1
[0.474s] -- Searching for dependencies of gz-common5-geospatial
[0.475s] -- Looking for gz-math7 -- found version 7.5.2
[0.475s] -- Looking for gz-common5 -- found version 5.7.1
[0.478s] -- Looking for gz-plugin2 -- found version 2.0.4
[0.478s] -- Searching for dependencies of gz-plugin2
[0.478s] -- Looking for gz-utils2 -- found version 2.2.1
[0.478s] -- Searching for dependencies of gz-utils2
[0.478s] -- Searching for <gz-utils2> component [cli]
[0.480s] -- Looking for gz-utils2-cli -- found version 2.2.1
[0.480s] -- Searching for dependencies of gz-utils2-cli
[0.482s] -- Searching for <gz-plugin2> component [all]
[0.483s] -- Looking for all libraries of gz-plugin2 -- found version 2.0.4
[0.483s] -- Looking for gz-plugin2 -- found version 2.0.4
[0.485s] -- Looking for gz-plugin2-loader -- found version 2.0.4
[0.485s] -- Searching for dependencies of gz-plugin2-loader
[0.488s] -- Looking for gz-plugin2-register -- found version 2.0.4
[0.488s] -- Searching for dependencies of gz-plugin2-register
[0.489s] -- Looking for gz-utils2 -- found version 2.2.1
[0.569s] -- Looking for gz-rendering8 - found
[0.569s] 
[0.572s] -- Looking for gz-sim8 -- found version 8.10.0
[0.572s] -- Searching for dependencies of gz-sim8
[0.574s] -- Looking for sdformat14 -- found version 14.8.0
[0.574s] -- Searching for dependencies of sdformat14
[0.579s] -- Checking for module 'tinyxml2'
[0.597s] --   Found tinyxml2, version 10.0.0
[0.634s] -- Looking for gz-math7 -- found version 7.5.2
[0.635s] -- Looking for gz-utils2 -- found version 2.2.1
[0.638s] -- Looking for gz-plugin2 -- found version 2.0.4
[0.640s] -- Looking for gz-transport13 -- found version 13.5.0
[0.640s] -- Searching for dependencies of gz-transport13
[7.797s] -- Config-file not installed for ZeroMQ -- checking for pkg-config
[7.807s] -- Checking for module 'libzmq >= 4'
[7.839s] --   Found libzmq, version 4.3.5
[7.930s] -- Looking for gz-utils2 -- found version 2.2.1
[7.933s] -- Looking for gz-msgs10 -- found version 10.3.2
[7.933s] -- Searching for dependencies of gz-msgs10
[10.508s] -- Looking for gz-utils2 -- found version 2.2.1
[10.508s] -- Looking for gz-math7 -- found version 7.5.2
[10.520s] -- Searching for <gz-transport13> component [log]
[10.522s] -- Looking for gz-transport13-log -- found version 13.5.0
[10.522s] -- Searching for dependencies of gz-transport13-log
[10.523s] -- Searching for <gz-transport13> component [parameters]
[10.525s] -- Looking for gz-transport13-parameters -- found version 13.5.0
[10.525s] -- Searching for dependencies of gz-transport13-parameters
[10.527s] -- Looking for gz-msgs10 -- found version 10.3.2
[10.527s] -- Looking for gz-common5 -- found version 5.7.1
[10.527s] -- Searching for dependencies of gz-common5
[10.528s] -- Looking for gz-utils2 -- found version 2.2.1
[10.528s] -- Looking for dlfcn.h - found
[10.528s] -- Looking for libdl - found
[10.537s] -- Searching for <gz-common5> component [av]
[10.539s] -- Looking for gz-common5-av -- found version 5.7.1
[10.540s] -- Searching for dependencies of gz-common5-av
[10.552s] -- Checking for module 'libswscale'
[10.578s] --   Found libswscale, version 7.5.100
[10.656s] -- Checking for module 'libavdevice >= 56.4.100'
[10.681s] --   Found libavdevice, version 60.3.100
[10.756s] -- Checking for module 'libavformat'
[10.784s] --   Found libavformat, version 60.16.100
[10.839s] -- Checking for module 'libavcodec'
[10.857s] --   Found libavcodec, version 60.31.102
[10.921s] -- Checking for module 'libavutil'
[10.955s] --   Found libavutil, version 58.29.100
[11.035s] -- Searching for <gz-common5> component [events]
[11.035s] -- Searching for <gz-common5> component [graphics]
[11.035s] -- Searching for <gz-common5> component [io]
[11.040s] -- Looking for gz-common5-io -- found version 5.7.1
[11.042s] -- Searching for dependencies of gz-common5-io
[11.045s] -- Searching for <gz-common5> component [profiler]
[11.046s] -- Looking for gz-common5-profiler -- found version 5.7.1
[11.046s] -- Searching for dependencies of gz-common5-profiler
[11.051s] -- Looking for gz-fuel_tools9 -- found version 9.1.1
[11.052s] -- Searching for dependencies of gz-fuel_tools9
[13.960s] -- Checking for module 'jsoncpp'
[13.980s] --   Found jsoncpp, version 1.9.5
[16.445s] -- Checking for module 'yaml-0.1'
[16.461s] --   Found yaml-0.1, version 0.2.5
[16.509s] -- Checking for module 'libzip'
[16.525s] --   Found libzip, version 1.7.3
[16.567s] -- Looking for gz-utils2 -- found version 2.2.1
[16.568s] -- Looking for gz-common5 -- found version 5.7.1
[16.568s] -- Searching for dependencies of gz-common5
[16.569s] -- Looking for gz-utils2 -- found version 2.2.1
[16.569s] -- Looking for dlfcn.h - found
[16.570s] -- Looking for libdl - found
[16.579s] -- Searching for <gz-common5> component [testing]
[16.582s] -- Looking for gz-common5-testing -- found version 5.7.1
[16.582s] -- Searching for dependencies of gz-common5-testing
[16.584s] -- Looking for gz-math7 -- found version 7.5.2
[16.585s] -- Looking for gz-msgs10 -- found version 10.3.2
[16.588s] -- Looking for gz-gui8 -- found version 8.4.0
[16.588s] -- Searching for dependencies of gz-gui8
[19.197s] -- Looking for gz-utils2 -- found version 2.2.1
[19.198s] -- Looking for gz-math7 -- found version 7.5.2
[19.198s] -- Looking for gz-common5 -- found version 5.7.1
[19.199s] -- Looking for gz-plugin2 -- found version 2.0.4
[19.199s] -- Looking for gz-transport13 -- found version 13.5.0
[19.200s] -- Looking for gz-rendering8 -- found version 8.2.3
[19.200s] -- Looking for gz-msgs10 -- found version 10.3.2
[19.488s] -- Looking for gz-physics7 -- found version 7.6.0
[19.488s] -- Searching for dependencies of gz-physics7
[19.488s] -- Looking for gz-common5 -- found version 5.7.1
[19.488s] -- Looking for gz-math7 -- found version 7.5.2
[19.488s] -- Looking for gz-plugin2 -- found version 2.0.4
[19.489s] -- Looking for gz-utils2 -- found version 2.2.1
[19.491s] -- Searching for <gz-physics7> component [heightmap]
[19.492s] -- Looking for gz-physics7-heightmap -- found version 7.6.0
[19.492s] -- Searching for dependencies of gz-physics7-heightmap
[19.492s] -- Looking for gz-common5 -- found version 5.7.1
[19.493s] -- Searching for <gz-physics7> component [mesh]
[19.494s] -- Looking for gz-physics7-mesh -- found version 7.6.0
[19.494s] -- Searching for dependencies of gz-physics7-mesh
[19.494s] -- Looking for gz-common5 -- found version 5.7.1
[19.495s] -- Searching for <gz-physics7> component [sdf]
[19.497s] -- Looking for gz-physics7-sdf -- found version 7.6.0
[19.497s] -- Searching for dependencies of gz-physics7-sdf
[19.497s] -- Looking for sdformat14 -- found version 14.8.0
[19.500s] -- Looking for gz-sensors8 -- found version 8.2.2
[19.500s] -- Searching for dependencies of gz-sensors8
[22.583s] -- Looking for gz-math7 -- found version 7.5.2
[22.583s] -- Looking for gz-common5 -- found version 5.7.1
[22.583s] -- Looking for gz-transport13 -- found version 13.5.0
[22.584s] -- Looking for gz-rendering8 -- found version 8.2.3
[22.584s] -- Looking for gz-msgs10 -- found version 10.3.2
[22.584s] -- Looking for sdformat14 -- found version 14.8.0
[22.586s] -- Searching for <gz-sensors8> component [air_pressure]
[22.587s] -- Looking for gz-sensors8-air_pressure -- found version 8.2.2
[22.587s] -- Searching for dependencies of gz-sensors8-air_pressure
[22.589s] -- Searching for <gz-sensors8> component [air_speed]
[22.590s] -- Looking for gz-sensors8-air_speed -- found version 8.2.2
[22.590s] -- Searching for dependencies of gz-sensors8-air_speed
[22.591s] -- Searching for <gz-sensors8> component [altimeter]
[22.592s] -- Looking for gz-sensors8-altimeter -- found version 8.2.2
[22.592s] -- Searching for dependencies of gz-sensors8-altimeter
[22.593s] -- Searching for <gz-sensors8> component [imu]
[22.595s] -- Looking for gz-sensors8-imu -- found version 8.2.2
[22.595s] -- Searching for dependencies of gz-sensors8-imu
[22.596s] -- Searching for <gz-sensors8> component [force_torque]
[22.598s] -- Looking for gz-sensors8-force_torque -- found version 8.2.2
[22.599s] -- Searching for dependencies of gz-sensors8-force_torque
[22.600s] -- Searching for <gz-sensors8> component [logical_camera]
[22.602s] -- Looking for gz-sensors8-logical_camera -- found version 8.2.2
[22.602s] -- Searching for dependencies of gz-sensors8-logical_camera
[22.604s] -- Searching for <gz-sensors8> component [magnetometer]
[22.606s] -- Looking for gz-sensors8-magnetometer -- found version 8.2.2
[22.607s] -- Searching for dependencies of gz-sensors8-magnetometer
[22.609s] -- Searching for <gz-sensors8> component [navsat]
[22.612s] -- Looking for gz-sensors8-navsat -- found version 8.2.2
[22.612s] -- Searching for dependencies of gz-sensors8-navsat
[22.614s] -- Searching for <gz-sensors8> component [dvl]
[22.615s] -- Looking for gz-sensors8-dvl -- found version 8.2.2
[22.616s] -- Searching for dependencies of gz-sensors8-dvl
[22.616s] -- Looking for gz-sensors8 -- found version 8.2.2
[22.616s] -- Searching for dependencies of gz-sensors8
[25.630s] -- Looking for gz-math7 -- found version 7.5.2
[25.630s] -- Looking for gz-common5 -- found version 5.7.1
[25.631s] -- Looking for gz-transport13 -- found version 13.5.0
[25.631s] -- Looking for gz-rendering8 -- found version 8.2.3
[25.631s] -- Looking for gz-msgs10 -- found version 10.3.2
[25.631s] -- Looking for sdformat14 -- found version 14.8.0
[25.631s] -- Searching for <gz-sensors8> component [rendering]
[25.633s] -- Looking for gz-sensors8-rendering -- found version 8.2.2
[25.634s] -- Searching for dependencies of gz-sensors8-rendering
[25.636s] -- Searching for <gz-sensors8> component [rendering]
[25.636s] -- Searching for <gz-sensors8> component [lidar]
[25.637s] -- Looking for gz-sensors8-lidar -- found version 8.2.2
[25.637s] -- Searching for dependencies of gz-sensors8-lidar
[25.637s] -- Looking for gz-sensors8 -- found version 8.2.2
[25.638s] -- Searching for <gz-sensors8> component [gpu_lidar]
[25.639s] -- Looking for gz-sensors8-gpu_lidar -- found version 8.2.2
[25.639s] -- Searching for dependencies of gz-sensors8-gpu_lidar
[25.639s] -- Looking for gz-sensors8 -- found version 8.2.2
[25.641s] -- Searching for <gz-sensors8> component [camera]
[25.642s] -- Looking for gz-sensors8-camera -- found version 8.2.2
[25.642s] -- Searching for dependencies of gz-sensors8-camera
[25.642s] -- Looking for gz-sensors8 -- found version 8.2.2
[25.644s] -- Searching for <gz-sensors8> component [boundingbox_camera]
[25.645s] -- Looking for gz-sensors8-boundingbox_camera -- found version 8.2.2
[25.645s] -- Searching for dependencies of gz-sensors8-boundingbox_camera
[25.647s] -- Searching for <gz-sensors8> component [segmentation_camera]
[25.649s] -- Looking for gz-sensors8-segmentation_camera -- found version 8.2.2
[25.649s] -- Searching for dependencies of gz-sensors8-segmentation_camera
[25.651s] -- Searching for <gz-sensors8> component [depth_camera]
[25.652s] -- Looking for gz-sensors8-depth_camera -- found version 8.2.2
[25.653s] -- Searching for dependencies of gz-sensors8-depth_camera
[25.653s] -- Looking for gz-sensors8 -- found version 8.2.2
[25.654s] -- Searching for <gz-sensors8> component [rgbd_camera]
[25.655s] -- Looking for gz-sensors8-rgbd_camera -- found version 8.2.2
[25.655s] -- Searching for dependencies of gz-sensors8-rgbd_camera
[25.656s] -- Looking for gz-sensors8 -- found version 8.2.2
[25.657s] -- Searching for <gz-sensors8> component [thermal_camera]
[25.659s] -- Looking for gz-sensors8-thermal_camera -- found version 8.2.2
[25.659s] -- Searching for dependencies of gz-sensors8-thermal_camera
[25.659s] -- Looking for gz-sensors8 -- found version 8.2.2
[25.661s] -- Searching for <gz-sensors8> component [wide_angle_camera]
[25.662s] -- Looking for gz-sensors8-wide_angle_camera -- found version 8.2.2
[25.662s] -- Searching for dependencies of gz-sensors8-wide_angle_camera
[25.664s] -- Looking for gz-rendering8 -- found version 8.2.3
[25.664s] -- Looking for gz-math7 -- found version 7.5.2
[25.664s] -- Looking for gz-utils2 -- found version 2.2.1
[28.663s] -- Looking for gz-sim8 - found
[28.664s] 
[28.664s] -- Compiling against Gazebo Harmonic
[28.666s] -- RapidJSON found. Headers: /usr/include
[28.779s] -- Configuring done (28.7s)
[28.829s] -- Generating done (0.0s)
[28.837s] -- Build files have been written to: /home/javierbecerril/harmonic_ws/build/ardupilot_gazebo
