running develop
running egg_info
creating tag_hover_two_tags.egg-info
writing tag_hover_two_tags.egg-info/PKG-INFO
writing dependency_links to tag_hover_two_tags.egg-info/dependency_links.txt
writing entry points to tag_hover_two_tags.egg-info/entry_points.txt
writing requirements to tag_hover_two_tags.egg-info/requires.txt
writing top-level names to tag_hover_two_tags.egg-info/top_level.txt
writing manifest file 'tag_hover_two_tags.egg-info/SOURCES.txt'
reading manifest file 'tag_hover_two_tags.egg-info/SOURCES.txt'
writing manifest file 'tag_hover_two_tags.egg-info/SOURCES.txt'
running build_ext
Creating /home/javierbecerril/harmonic_ws/install/tag_hover_two_tags/lib/python3.12/site-packages/tag-hover-two-tags.egg-link (link to .)
Installing apriltag_pnp_broadcaster script to /home/javierbecerril/harmonic_ws/install/tag_hover_two_tags/lib/tag_hover_two_tags
Installing apriltag_tf_broadcaster script to /home/javierbecerril/harmonic_ws/install/tag_hover_two_tags/lib/tag_hover_two_tags
Installing relative_vibration_pose script to /home/javierbecerril/harmonic_ws/install/tag_hover_two_tags/lib/tag_hover_two_tags
Installing tag_pose_selector script to /home/javierbecerril/harmonic_ws/install/tag_hover_two_tags/lib/tag_hover_two_tags

Installed /home/javierbecerril/harmonic_ws/build/tag_hover_two_tags
running symlink_data
creating /home/javierbecerril/harmonic_ws/install/tag_hover_two_tags/share/ament_index
creating /home/javierbecerril/harmonic_ws/install/tag_hover_two_tags/share/ament_index/resource_index
creating /home/javierbecerril/harmonic_ws/install/tag_hover_two_tags/share/ament_index/resource_index/packages
symbolically linking /home/javierbecerril/harmonic_ws/build/tag_hover_two_tags/resource/tag_hover_two_tags -> /home/javierbecerril/harmonic_ws/install/tag_hover_two_tags/share/ament_index/resource_index/packages
symbolically linking /home/javierbecerril/harmonic_ws/build/tag_hover_two_tags/package.xml -> /home/javierbecerril/harmonic_ws/install/tag_hover_two_tags/share/tag_hover_two_tags
creating /home/javierbecerril/harmonic_ws/install/tag_hover_two_tags/share/tag_hover_two_tags/launch
symbolically linking /home/javierbecerril/harmonic_ws/build/tag_hover_two_tags/launch/sim_lockon_backbone.launch.py -> /home/javierbecerril/harmonic_ws/install/tag_hover_two_tags/share/tag_hover_two_tags/launch
symbolically linking /home/javierbecerril/harmonic_ws/build/tag_hover_two_tags/launch/sim_vision_stack.launch.py -> /home/javierbecerril/harmonic_ws/install/tag_hover_two_tags/share/tag_hover_two_tags/launch
creating /home/javierbecerril/harmonic_ws/install/tag_hover_two_tags/share/tag_hover_two_tags/config
symbolically linking /home/javierbecerril/harmonic_ws/build/tag_hover_two_tags/config/apriltag_params.yaml -> /home/javierbecerril/harmonic_ws/install/tag_hover_two_tags/share/tag_hover_two_tags/config
creating /home/javierbecerril/harmonic_ws/install/tag_hover_two_tags/share/tag_hover_two_tags/worlds
symbolically linking /home/javierbecerril/harmonic_ws/build/tag_hover_two_tags/worlds/apriltag_two_tags.sdf -> /home/javierbecerril/harmonic_ws/install/tag_hover_two_tags/share/tag_hover_two_tags/worlds
symbolically linking /home/javierbecerril/harmonic_ws/build/tag_hover_two_tags/worlds/testing_nodrone.sdf -> /home/javierbecerril/harmonic_ws/install/tag_hover_two_tags/share/tag_hover_two_tags/worlds
symbolically linking /home/javierbecerril/harmonic_ws/build/tag_hover_two_tags/worlds/apriltag_test.sdf -> /home/javierbecerril/harmonic_ws/install/tag_hover_two_tags/share/tag_hover_two_tags/worlds
