[2.325s] Invoking command in '/home/javierbecerril/harmonic_ws/build/tag_hover_two_tags': DEBUGINFOD_URLS=https://debuginfod.ubuntu.com PS1=(venv-ardupilot) \[\e]0;\u@\h: \w\a\]${debian_chroot:+($debian_chroot)}\[\033[01;32m\]\u@\h\[\033[00m\]:\[\033[01;34m\]\w\[\033[00m\]\$ PYTHONPATH=/home/javierbecerril/harmonic_ws/build/tag_hover_two_tags/prefix_override:/usr/lib/python3/dist-packages/colcon_core/task/python/colcon_distutils_commands:/home/javierbecerril/harmonic_ws/install/tag_hover_two_tags/lib/python3.12/site-packages:${PYTHONPATH} VIRTUAL_ENV_PROMPT=(venv-ardupilot) /usr/bin/python3 -W ignore:setup.py install is deprecated -W ignore:easy_install command is deprecated setup.py develop --editable --build-directory /home/javierbecerril/harmonic_ws/build/tag_hover_two_tags/build --no-deps symlink_data
[2.844s] running develop
[3.092s] running egg_info
[3.093s] creating tag_hover_two_tags.egg-info
[3.118s] writing tag_hover_two_tags.egg-info/PKG-INFO
[3.119s] writing dependency_links to tag_hover_two_tags.egg-info/dependency_links.txt
[3.119s] writing entry points to tag_hover_two_tags.egg-info/entry_points.txt
[3.120s] writing requirements to tag_hover_two_tags.egg-info/requires.txt
[3.120s] writing top-level names to tag_hover_two_tags.egg-info/top_level.txt
[3.121s] writing manifest file 'tag_hover_two_tags.egg-info/SOURCES.txt'
[3.186s] reading manifest file 'tag_hover_two_tags.egg-info/SOURCES.txt'
[3.187s] writing manifest file 'tag_hover_two_tags.egg-info/SOURCES.txt'
[3.216s] running build_ext
[3.217s] Creating /home/javierbecerril/harmonic_ws/install/tag_hover_two_tags/lib/python3.12/site-packages/tag-hover-two-tags.egg-link (link to .)
[3.217s] Installing apriltag_pnp_broadcaster script to /home/javierbecerril/harmonic_ws/install/tag_hover_two_tags/lib/tag_hover_two_tags
[3.218s] Installing apriltag_tf_broadcaster script to /home/javierbecerril/harmonic_ws/install/tag_hover_two_tags/lib/tag_hover_two_tags
[3.218s] Installing relative_vibration_pose script to /home/javierbecerril/harmonic_ws/install/tag_hover_two_tags/lib/tag_hover_two_tags
[3.218s] Installing tag_pose_selector script to /home/javierbecerril/harmonic_ws/install/tag_hover_two_tags/lib/tag_hover_two_tags
[3.219s] 
[3.219s] Installed /home/javierbecerril/harmonic_ws/build/tag_hover_two_tags
[3.219s] running symlink_data
[3.219s] creating /home/javierbecerril/harmonic_ws/install/tag_hover_two_tags/share/ament_index
[3.220s] creating /home/javierbecerril/harmonic_ws/install/tag_hover_two_tags/share/ament_index/resource_index
[3.220s] creating /home/javierbecerril/harmonic_ws/install/tag_hover_two_tags/share/ament_index/resource_index/packages
[3.220s] symbolically linking /home/javierbecerril/harmonic_ws/build/tag_hover_two_tags/resource/tag_hover_two_tags -> /home/javierbecerril/harmonic_ws/install/tag_hover_two_tags/share/ament_index/resource_index/packages
[3.221s] symbolically linking /home/javierbecerril/harmonic_ws/build/tag_hover_two_tags/package.xml -> /home/javierbecerril/harmonic_ws/install/tag_hover_two_tags/share/tag_hover_two_tags
[3.221s] creating /home/javierbecerril/harmonic_ws/install/tag_hover_two_tags/share/tag_hover_two_tags/launch
[3.221s] symbolically linking /home/javierbecerril/harmonic_ws/build/tag_hover_two_tags/launch/sim_lockon_backbone.launch.py -> /home/javierbecerril/harmonic_ws/install/tag_hover_two_tags/share/tag_hover_two_tags/launch
[3.222s] symbolically linking /home/javierbecerril/harmonic_ws/build/tag_hover_two_tags/launch/sim_vision_stack.launch.py -> /home/javierbecerril/harmonic_ws/install/tag_hover_two_tags/share/tag_hover_two_tags/launch
[3.222s] creating /home/javierbecerril/harmonic_ws/install/tag_hover_two_tags/share/tag_hover_two_tags/config
[3.222s] symbolically linking /home/javierbecerril/harmonic_ws/build/tag_hover_two_tags/config/apriltag_params.yaml -> /home/javierbecerril/harmonic_ws/install/tag_hover_two_tags/share/tag_hover_two_tags/config
[3.222s] creating /home/javierbecerril/harmonic_ws/install/tag_hover_two_tags/share/tag_hover_two_tags/worlds
[3.223s] symbolically linking /home/javierbecerril/harmonic_ws/build/tag_hover_two_tags/worlds/apriltag_two_tags.sdf -> /home/javierbecerril/harmonic_ws/install/tag_hover_two_tags/share/tag_hover_two_tags/worlds
[3.223s] symbolically linking /home/javierbecerril/harmonic_ws/build/tag_hover_two_tags/worlds/testing_nodrone.sdf -> /home/javierbecerril/harmonic_ws/install/tag_hover_two_tags/share/tag_hover_two_tags/worlds
[3.223s] symbolically linking /home/javierbecerril/harmonic_ws/build/tag_hover_two_tags/worlds/apriltag_test.sdf -> /home/javierbecerril/harmonic_ws/install/tag_hover_two_tags/share/tag_hover_two_tags/worlds
[3.267s] Invoked command in '/home/javierbecerril/harmonic_ws/build/tag_hover_two_tags' returned '0': DEBUGINFOD_URLS=https://debuginfod.ubuntu.com PS1=(venv-ardupilot) \[\e]0;\u@\h: \w\a\]${debian_chroot:+($debian_chroot)}\[\033[01;32m\]\u@\h\[\033[00m\]:\[\033[01;34m\]\w\[\033[00m\]\$ PYTHONPATH=/home/javierbecerril/harmonic_ws/build/tag_hover_two_tags/prefix_override:/usr/lib/python3/dist-packages/colcon_core/task/python/colcon_distutils_commands:/home/javierbecerril/harmonic_ws/install/tag_hover_two_tags/lib/python3.12/site-packages:${PYTHONPATH} VIRTUAL_ENV_PROMPT=(venv-ardupilot) /usr/bin/python3 -W ignore:setup.py install is deprecated -W ignore:easy_install command is deprecated setup.py develop --editable --build-directory /home/javierbecerril/harmonic_ws/build/tag_hover_two_tags/build --no-deps symlink_data
