[0.979s] Invoking command in '/home/javierbecerril/harmonic_ws/build/tag_hover_two_tags': DEBUGINFOD_URLS=https://debuginfod.ubuntu.com PS1=(venv-ardupilot) \[\e]0;\u@\h: \w\a\]${debian_chroot:+($debian_chroot)}\[\033[01;32m\]\u@\h\[\033[00m\]:\[\033[01;34m\]\w\[\033[00m\]\$ PYTHONPATH=/home/javierbecerril/harmonic_ws/build/tag_hover_two_tags/prefix_override:/usr/lib/python3/dist-packages/colcon_core/task/python/colcon_distutils_commands:/home/javierbecerril/harmonic_ws/install/tag_hover_two_tags/lib/python3.12/site-packages:${PYTHONPATH} VIRTUAL_ENV_PROMPT=(venv-ardupilot) /usr/bin/python3 -W ignore:setup.py install is deprecated -W ignore:easy_install command is deprecated setup.py develop --editable --build-directory /home/javierbecerril/harmonic_ws/build/tag_hover_two_tags/build --no-deps symlink_data
[1.196s] running develop
[1.321s] running egg_info
[1.335s] writing tag_hover_two_tags.egg-info/PKG-INFO
[1.335s] writing dependency_links to tag_hover_two_tags.egg-info/dependency_links.txt
[1.336s] writing entry points to tag_hover_two_tags.egg-info/entry_points.txt
[1.336s] writing requirements to tag_hover_two_tags.egg-info/requires.txt
[1.336s] writing top-level names to tag_hover_two_tags.egg-info/top_level.txt
[1.363s] reading manifest file 'tag_hover_two_tags.egg-info/SOURCES.txt'
[1.364s] writing manifest file 'tag_hover_two_tags.egg-info/SOURCES.txt'
[1.378s] running build_ext
[1.378s] Creating /home/javierbecerril/harmonic_ws/install/tag_hover_two_tags/lib/python3.12/site-packages/tag-hover-two-tags.egg-link (link to .)
[1.379s] Installing apriltag_pnp_broadcaster script to /home/javierbecerril/harmonic_ws/install/tag_hover_two_tags/lib/tag_hover_two_tags
[1.379s] Installing apriltag_tf_broadcaster script to /home/javierbecerril/harmonic_ws/install/tag_hover_two_tags/lib/tag_hover_two_tags
[1.379s] Installing relative_vibration_pose script to /home/javierbecerril/harmonic_ws/install/tag_hover_two_tags/lib/tag_hover_two_tags
[1.379s] Installing tag_oscillator script to /home/javierbecerril/harmonic_ws/install/tag_hover_two_tags/lib/tag_hover_two_tags
[1.379s] Installing tag_pose_selector script to /home/javierbecerril/harmonic_ws/install/tag_hover_two_tags/lib/tag_hover_two_tags
[1.379s] 
[1.379s] Installed /home/javierbecerril/harmonic_ws/build/tag_hover_two_tags
[1.379s] running symlink_data
[1.384s] creating /home/javierbecerril/harmonic_ws/install/tag_hover_two_tags/share/tag_hover_two_tags/models
[1.386s] creating /home/javierbecerril/harmonic_ws/install/tag_hover_two_tags/share/tag_hover_two_tags/models/iris_with_standoffs
[1.386s] symbolically linking /home/javierbecerril/harmonic_ws/build/tag_hover_two_tags/models/iris_with_standoffs/model.sdf -> /home/javierbecerril/harmonic_ws/install/tag_hover_two_tags/share/tag_hover_two_tags/models/iris_with_standoffs
[1.387s] symbolically linking /home/javierbecerril/harmonic_ws/build/tag_hover_two_tags/models/iris_with_standoffs/model.config -> /home/javierbecerril/harmonic_ws/install/tag_hover_two_tags/share/tag_hover_two_tags/models/iris_with_standoffs
[1.387s] creating /home/javierbecerril/harmonic_ws/install/tag_hover_two_tags/share/tag_hover_two_tags/models/iris_with_standoffs/meshes
[1.387s] symbolically linking /home/javierbecerril/harmonic_ws/build/tag_hover_two_tags/models/iris_with_standoffs/meshes/iris_prop_cw.dae -> /home/javierbecerril/harmonic_ws/install/tag_hover_two_tags/share/tag_hover_two_tags/models/iris_with_standoffs/meshes
[1.388s] symbolically linking /home/javierbecerril/harmonic_ws/build/tag_hover_two_tags/models/iris_with_standoffs/meshes/iris.dae -> /home/javierbecerril/harmonic_ws/install/tag_hover_two_tags/share/tag_hover_two_tags/models/iris_with_standoffs/meshes
[1.388s] symbolically linking /home/javierbecerril/harmonic_ws/build/tag_hover_two_tags/models/iris_with_standoffs/meshes/iris_prop_ccw.dae -> /home/javierbecerril/harmonic_ws/install/tag_hover_two_tags/share/tag_hover_two_tags/models/iris_with_standoffs/meshes
[1.388s] creating /home/javierbecerril/harmonic_ws/install/tag_hover_two_tags/share/tag_hover_two_tags/models/Apriltag36_11_00001
[1.388s] symbolically linking /home/javierbecerril/harmonic_ws/build/tag_hover_two_tags/models/Apriltag36_11_00001/model.sdf -> /home/javierbecerril/harmonic_ws/install/tag_hover_two_tags/share/tag_hover_two_tags/models/Apriltag36_11_00001
[1.388s] symbolically linking /home/javierbecerril/harmonic_ws/build/tag_hover_two_tags/models/Apriltag36_11_00001/model.config -> /home/javierbecerril/harmonic_ws/install/tag_hover_two_tags/share/tag_hover_two_tags/models/Apriltag36_11_00001
[1.388s] creating /home/javierbecerril/harmonic_ws/install/tag_hover_two_tags/share/tag_hover_two_tags/models/Apriltag36_11_00001/materials
[1.389s] creating /home/javierbecerril/harmonic_ws/install/tag_hover_two_tags/share/tag_hover_two_tags/models/Apriltag36_11_00001/materials/textures
[1.389s] symbolically linking /home/javierbecerril/harmonic_ws/build/tag_hover_two_tags/models/Apriltag36_11_00001/materials/textures/tag36_11_00001.png -> /home/javierbecerril/harmonic_ws/install/tag_hover_two_tags/share/tag_hover_two_tags/models/Apriltag36_11_00001/materials/textures
[1.389s] symbolically linking /home/javierbecerril/harmonic_ws/build/tag_hover_two_tags/models/Apriltag36_11_00001/materials/textures/tag36_11_00001.png:Zone.Identifier -> /home/javierbecerril/harmonic_ws/install/tag_hover_two_tags/share/tag_hover_two_tags/models/Apriltag36_11_00001/materials/textures
[1.389s] creating /home/javierbecerril/harmonic_ws/install/tag_hover_two_tags/share/tag_hover_two_tags/models/Apriltag36_11_00001/materials/scripts
[1.389s] symbolically linking /home/javierbecerril/harmonic_ws/build/tag_hover_two_tags/models/Apriltag36_11_00001/materials/scripts/Apriltag.material -> /home/javierbecerril/harmonic_ws/install/tag_hover_two_tags/share/tag_hover_two_tags/models/Apriltag36_11_00001/materials/scripts
[1.389s] creating /home/javierbecerril/harmonic_ws/install/tag_hover_two_tags/share/tag_hover_two_tags/models/iris_with_rgb_camera
[1.389s] symbolically linking /home/javierbecerril/harmonic_ws/build/tag_hover_two_tags/models/iris_with_rgb_camera/model.sdf -> /home/javierbecerril/harmonic_ws/install/tag_hover_two_tags/share/tag_hover_two_tags/models/iris_with_rgb_camera
[1.389s] symbolically linking /home/javierbecerril/harmonic_ws/build/tag_hover_two_tags/models/iris_with_rgb_camera/model.config -> /home/javierbecerril/harmonic_ws/install/tag_hover_two_tags/share/tag_hover_two_tags/models/iris_with_rgb_camera
[1.390s] creating /home/javierbecerril/harmonic_ws/install/tag_hover_two_tags/share/tag_hover_two_tags/models/apriltag_36h11_0
[1.390s] symbolically linking /home/javierbecerril/harmonic_ws/build/tag_hover_two_tags/models/apriltag_36h11_0/model.sdf -> /home/javierbecerril/harmonic_ws/install/tag_hover_two_tags/share/tag_hover_two_tags/models/apriltag_36h11_0
[1.390s] symbolically linking /home/javierbecerril/harmonic_ws/build/tag_hover_two_tags/models/apriltag_36h11_0/model.config -> /home/javierbecerril/harmonic_ws/install/tag_hover_two_tags/share/tag_hover_two_tags/models/apriltag_36h11_0
[1.390s] creating /home/javierbecerril/harmonic_ws/install/tag_hover_two_tags/share/tag_hover_two_tags/models/apriltag_36h11_0/materials
[1.390s] creating /home/javierbecerril/harmonic_ws/install/tag_hover_two_tags/share/tag_hover_two_tags/models/apriltag_36h11_0/materials/textures
[1.390s] symbolically linking /home/javierbecerril/harmonic_ws/build/tag_hover_two_tags/models/apriltag_36h11_0/materials/textures/tag36h11_0.png -> /home/javierbecerril/harmonic_ws/install/tag_hover_two_tags/share/tag_hover_two_tags/models/apriltag_36h11_0/materials/textures
[1.391s] creating /home/javierbecerril/harmonic_ws/install/tag_hover_two_tags/share/tag_hover_two_tags/models/apriltag_36h11_0/materials/scripts
[1.391s] symbolically linking /home/javierbecerril/harmonic_ws/build/tag_hover_two_tags/models/apriltag_36h11_0/materials/scripts/Apriltag.material -> /home/javierbecerril/harmonic_ws/install/tag_hover_two_tags/share/tag_hover_two_tags/models/apriltag_36h11_0/materials/scripts
[1.391s] creating /home/javierbecerril/harmonic_ws/install/tag_hover_two_tags/share/tag_hover_two_tags/models/apriltag_36h11_1
[1.391s] symbolically linking /home/javierbecerril/harmonic_ws/build/tag_hover_two_tags/models/apriltag_36h11_1/model.sdf -> /home/javierbecerril/harmonic_ws/install/tag_hover_two_tags/share/tag_hover_two_tags/models/apriltag_36h11_1
[1.391s] symbolically linking /home/javierbecerril/harmonic_ws/build/tag_hover_two_tags/models/apriltag_36h11_1/model.config -> /home/javierbecerril/harmonic_ws/install/tag_hover_two_tags/share/tag_hover_two_tags/models/apriltag_36h11_1
[1.391s] creating /home/javierbecerril/harmonic_ws/install/tag_hover_two_tags/share/tag_hover_two_tags/models/apriltag_36h11_1/materials
[1.391s] creating /home/javierbecerril/harmonic_ws/install/tag_hover_two_tags/share/tag_hover_two_tags/models/apriltag_36h11_1/materials/textures
[1.392s] symbolically linking /home/javierbecerril/harmonic_ws/build/tag_hover_two_tags/models/apriltag_36h11_1/materials/textures/tag36h11_1.png -> /home/javierbecerril/harmonic_ws/install/tag_hover_two_tags/share/tag_hover_two_tags/models/apriltag_36h11_1/materials/textures
[1.392s] symbolically linking /home/javierbecerril/harmonic_ws/build/tag_hover_two_tags/models/apriltag_36h11_1/materials/textures/tag36h11_0.png -> /home/javierbecerril/harmonic_ws/install/tag_hover_two_tags/share/tag_hover_two_tags/models/apriltag_36h11_1/materials/textures
[1.392s] creating /home/javierbecerril/harmonic_ws/install/tag_hover_two_tags/share/tag_hover_two_tags/models/apriltag_36h11_1/materials/scripts
[1.392s] symbolically linking /home/javierbecerril/harmonic_ws/build/tag_hover_two_tags/models/apriltag_36h11_1/materials/scripts/Apriltag.material -> /home/javierbecerril/harmonic_ws/install/tag_hover_two_tags/share/tag_hover_two_tags/models/apriltag_36h11_1/materials/scripts
[1.424s] Invoked command in '/home/javierbecerril/harmonic_ws/build/tag_hover_two_tags' returned '0': DEBUGINFOD_URLS=https://debuginfod.ubuntu.com PS1=(venv-ardupilot) \[\e]0;\u@\h: \w\a\]${debian_chroot:+($debian_chroot)}\[\033[01;32m\]\u@\h\[\033[00m\]:\[\033[01;34m\]\w\[\033[00m\]\$ PYTHONPATH=/home/javierbecerril/harmonic_ws/build/tag_hover_two_tags/prefix_override:/usr/lib/python3/dist-packages/colcon_core/task/python/colcon_distutils_commands:/home/javierbecerril/harmonic_ws/install/tag_hover_two_tags/lib/python3.12/site-packages:${PYTHONPATH} VIRTUAL_ENV_PROMPT=(venv-ardupilot) /usr/bin/python3 -W ignore:setup.py install is deprecated -W ignore:easy_install command is deprecated setup.py develop --editable --build-directory /home/javierbecerril/harmonic_ws/build/tag_hover_two_tags/build --no-deps symlink_data
