[1.061s] Invoking command in '/home/javierbecerril/harmonic_ws/src/tag_hover_two_tags': DEBUGINFOD_URLS=https://debuginfod.ubuntu.com PS1=(venv-ardupilot) \[\e]0;\u@\h: \w\a\]${debian_chroot:+($debian_chroot)}\[\033[01;32m\]\u@\h\[\033[00m\]:\[\033[01;34m\]\w\[\033[00m\]\$ PYTHONPATH=/home/javierbecerril/harmonic_ws/build/tag_hover_two_tags/prefix_override:/usr/lib/python3/dist-packages/colcon_core/task/python/colcon_distutils_commands:/home/javierbecerril/harmonic_ws/install/tag_hover_two_tags/lib/python3.12/site-packages:${PYTHONPATH} VIRTUAL_ENV_PROMPT=(venv-ardupilot) /usr/bin/python3 -W ignore:setup.py install is deprecated -W ignore:easy_install command is deprecated setup.py egg_info --egg-base ../../build/tag_hover_two_tags build --build-base /home/javierbecerril/harmonic_ws/build/tag_hover_two_tags/build install --record /home/javierbecerril/harmonic_ws/build/tag_hover_two_tags/install.log --single-version-externally-managed install_data
[1.374s] running egg_info
[1.399s] writing ../../build/tag_hover_two_tags/tag_hover_two_tags.egg-info/PKG-INFO
[1.403s] writing dependency_links to ../../build/tag_hover_two_tags/tag_hover_two_tags.egg-info/dependency_links.txt
[1.403s] writing entry points to ../../build/tag_hover_two_tags/tag_hover_two_tags.egg-info/entry_points.txt
[1.403s] writing requirements to ../../build/tag_hover_two_tags/tag_hover_two_tags.egg-info/requires.txt
[1.403s] writing top-level names to ../../build/tag_hover_two_tags/tag_hover_two_tags.egg-info/top_level.txt
[1.443s] reading manifest file '../../build/tag_hover_two_tags/tag_hover_two_tags.egg-info/SOURCES.txt'
[1.445s] writing manifest file '../../build/tag_hover_two_tags/tag_hover_two_tags.egg-info/SOURCES.txt'
[1.445s] running build
[1.446s] running build_py
[1.446s] running install
[1.457s] running install_lib
[1.478s] running install_data
[1.479s] copying launch/tag_oscillator.launch.py -> /home/javierbecerril/harmonic_ws/install/tag_hover_two_tags/share/tag_hover_two_tags/launch
[1.479s] running install_egg_info
[1.500s] removing '/home/javierbecerril/harmonic_ws/install/tag_hover_two_tags/lib/python3.12/site-packages/tag_hover_two_tags-0.1.0-py3.12.egg-info' (and everything under it)
[1.501s] Copying ../../build/tag_hover_two_tags/tag_hover_two_tags.egg-info to /home/javierbecerril/harmonic_ws/install/tag_hover_two_tags/lib/python3.12/site-packages/tag_hover_two_tags-0.1.0-py3.12.egg-info
[1.502s] running install_scripts
[1.671s] Installing apriltag_pnp_broadcaster script to /home/javierbecerril/harmonic_ws/install/tag_hover_two_tags/lib/tag_hover_two_tags
[1.671s] Installing apriltag_tf_broadcaster script to /home/javierbecerril/harmonic_ws/install/tag_hover_two_tags/lib/tag_hover_two_tags
[1.672s] Installing hover_yaw_search script to /home/javierbecerril/harmonic_ws/install/tag_hover_two_tags/lib/tag_hover_two_tags
[1.672s] Installing relative_vibration_pose script to /home/javierbecerril/harmonic_ws/install/tag_hover_two_tags/lib/tag_hover_two_tags
[1.672s] Installing tag_oscillator script to /home/javierbecerril/harmonic_ws/install/tag_hover_two_tags/lib/tag_hover_two_tags
[1.672s] Installing tag_overlay script to /home/javierbecerril/harmonic_ws/install/tag_hover_two_tags/lib/tag_hover_two_tags
[1.672s] Installing tag_pose_selector script to /home/javierbecerril/harmonic_ws/install/tag_hover_two_tags/lib/tag_hover_two_tags
[1.673s] writing list of installed files to '/home/javierbecerril/harmonic_ws/build/tag_hover_two_tags/install.log'
[1.725s] Invoked command in '/home/javierbecerril/harmonic_ws/src/tag_hover_two_tags' returned '0': DEBUGINFOD_URLS=https://debuginfod.ubuntu.com PS1=(venv-ardupilot) \[\e]0;\u@\h: \w\a\]${debian_chroot:+($debian_chroot)}\[\033[01;32m\]\u@\h\[\033[00m\]:\[\033[01;34m\]\w\[\033[00m\]\$ PYTHONPATH=/home/javierbecerril/harmonic_ws/build/tag_hover_two_tags/prefix_override:/usr/lib/python3/dist-packages/colcon_core/task/python/colcon_distutils_commands:/home/javierbecerril/harmonic_ws/install/tag_hover_two_tags/lib/python3.12/site-packages:${PYTHONPATH} VIRTUAL_ENV_PROMPT=(venv-ardupilot) /usr/bin/python3 -W ignore:setup.py install is deprecated -W ignore:easy_install command is deprecated setup.py egg_info --egg-base ../../build/tag_hover_two_tags build --build-base /home/javierbecerril/harmonic_ws/build/tag_hover_two_tags/build install --record /home/javierbecerril/harmonic_ws/build/tag_hover_two_tags/install.log --single-version-externally-managed install_data
