[0.983s] Invoking command in '/home/javierbecerril/harmonic_ws/src/tag_hover_two_tags': DEBUGINFOD_URLS=https://debuginfod.ubuntu.com PS1=(venv-ardupilot) \[\e]0;\u@\h: \w\a\]${debian_chroot:+($debian_chroot)}\[\033[01;32m\]\u@\h\[\033[00m\]:\[\033[01;34m\]\w\[\033[00m\]\$ PYTHONPATH=/home/javierbecerril/harmonic_ws/build/tag_hover_two_tags/prefix_override:/usr/lib/python3/dist-packages/colcon_core/task/python/colcon_distutils_commands:/home/javierbecerril/harmonic_ws/install/tag_hover_two_tags/lib/python3.12/site-packages:${PYTHONPATH} VIRTUAL_ENV_PROMPT=(venv-ardupilot) /usr/bin/python3 -W ignore:setup.py install is deprecated -W ignore:easy_install command is deprecated setup.py egg_info --egg-base ../../build/tag_hover_two_tags build --build-base /home/javierbecerril/harmonic_ws/build/tag_hover_two_tags/build install --record /home/javierbecerril/harmonic_ws/build/tag_hover_two_tags/install.log --single-version-externally-managed install_data
[1.284s] running egg_info
[1.303s] writing ../../build/tag_hover_two_tags/tag_hover_two_tags.egg-info/PKG-INFO
[1.303s] writing dependency_links to ../../build/tag_hover_two_tags/tag_hover_two_tags.egg-info/dependency_links.txt
[1.304s] writing entry points to ../../build/tag_hover_two_tags/tag_hover_two_tags.egg-info/entry_points.txt
[1.304s] writing requirements to ../../build/tag_hover_two_tags/tag_hover_two_tags.egg-info/requires.txt
[1.304s] writing top-level names to ../../build/tag_hover_two_tags/tag_hover_two_tags.egg-info/top_level.txt
[1.345s] reading manifest file '../../build/tag_hover_two_tags/tag_hover_two_tags.egg-info/SOURCES.txt'
[1.346s] writing manifest file '../../build/tag_hover_two_tags/tag_hover_two_tags.egg-info/SOURCES.txt'
[1.347s] running build
[1.347s] running build_py
[1.347s] copying tag_hover_two_tags/tag_oscillator.py -> /home/javierbecerril/harmonic_ws/build/tag_hover_two_tags/build/lib/tag_hover_two_tags
[1.347s] running install
[1.354s] running install_lib
[1.376s] copying /home/javierbecerril/harmonic_ws/build/tag_hover_two_tags/build/lib/tag_hover_two_tags/tag_oscillator.py -> /home/javierbecerril/harmonic_ws/install/tag_hover_two_tags/lib/python3.12/site-packages/tag_hover_two_tags
[1.377s] byte-compiling /home/javierbecerril/harmonic_ws/install/tag_hover_two_tags/lib/python3.12/site-packages/tag_hover_two_tags/tag_oscillator.py to tag_oscillator.cpython-312.pyc
[1.378s] running install_data
[1.379s] running install_egg_info
[1.407s] removing '/home/javierbecerril/harmonic_ws/install/tag_hover_two_tags/lib/python3.12/site-packages/tag_hover_two_tags-0.1.0-py3.12.egg-info' (and everything under it)
[1.407s] Copying ../../build/tag_hover_two_tags/tag_hover_two_tags.egg-info to /home/javierbecerril/harmonic_ws/install/tag_hover_two_tags/lib/python3.12/site-packages/tag_hover_two_tags-0.1.0-py3.12.egg-info
[1.409s] running install_scripts
[1.556s] Installing apriltag_pnp_broadcaster script to /home/javierbecerril/harmonic_ws/install/tag_hover_two_tags/lib/tag_hover_two_tags
[1.556s] Installing apriltag_tf_broadcaster script to /home/javierbecerril/harmonic_ws/install/tag_hover_two_tags/lib/tag_hover_two_tags
[1.557s] Installing hover_yaw_search script to /home/javierbecerril/harmonic_ws/install/tag_hover_two_tags/lib/tag_hover_two_tags
[1.557s] Installing relative_vibration_pose script to /home/javierbecerril/harmonic_ws/install/tag_hover_two_tags/lib/tag_hover_two_tags
[1.557s] Installing tag_oscillator script to /home/javierbecerril/harmonic_ws/install/tag_hover_two_tags/lib/tag_hover_two_tags
[1.557s] Installing tag_overlay script to /home/javierbecerril/harmonic_ws/install/tag_hover_two_tags/lib/tag_hover_two_tags
[1.557s] Installing tag_pose_selector script to /home/javierbecerril/harmonic_ws/install/tag_hover_two_tags/lib/tag_hover_two_tags
[1.557s] writing list of installed files to '/home/javierbecerril/harmonic_ws/build/tag_hover_two_tags/install.log'
[1.608s] Invoked command in '/home/javierbecerril/harmonic_ws/src/tag_hover_two_tags' returned '0': DEBUGINFOD_URLS=https://debuginfod.ubuntu.com PS1=(venv-ardupilot) \[\e]0;\u@\h: \w\a\]${debian_chroot:+($debian_chroot)}\[\033[01;32m\]\u@\h\[\033[00m\]:\[\033[01;34m\]\w\[\033[00m\]\$ PYTHONPATH=/home/javierbecerril/harmonic_ws/build/tag_hover_two_tags/prefix_override:/usr/lib/python3/dist-packages/colcon_core/task/python/colcon_distutils_commands:/home/javierbecerril/harmonic_ws/install/tag_hover_two_tags/lib/python3.12/site-packages:${PYTHONPATH} VIRTUAL_ENV_PROMPT=(venv-ardupilot) /usr/bin/python3 -W ignore:setup.py install is deprecated -W ignore:easy_install command is deprecated setup.py egg_info --egg-base ../../build/tag_hover_two_tags build --build-base /home/javierbecerril/harmonic_ws/build/tag_hover_two_tags/build install --record /home/javierbecerril/harmonic_ws/build/tag_hover_two_tags/install.log --single-version-externally-managed install_data
