[2.580s] Invoking command in '/home/javierbecerril/harmonic_ws/src/tag_hover_sim': DEBUGINFOD_URLS=https://debuginfod.ubuntu.com PS1=\[\e]0;\u@\h: \w\a\]${debian_chroot:+($debian_chroot)}\[\033[01;32m\]\u@\h\[\033[00m\]:\[\033[01;34m\]\w\[\033[00m\]\$ PYTHONPATH=/home/javierbecerril/harmonic_ws/build/tag_hover_sim/prefix_override:/usr/lib/python3/dist-packages/colcon_core/task/python/colcon_distutils_commands:/home/javierbecerril/harmonic_ws/install/tag_hover_sim/lib/python3.12/site-packages:${PYTHONPATH} /usr/bin/python3 -W ignore:setup.py install is deprecated -W ignore:easy_install command is deprecated setup.py egg_info --egg-base ../../build/tag_hover_sim build --build-base /home/javierbecerril/harmonic_ws/build/tag_hover_sim/build install --record /home/javierbecerril/harmonic_ws/build/tag_hover_sim/install.log --single-version-externally-managed install_data
[3.239s] running egg_info
[3.278s] writing ../../build/tag_hover_sim/tag_hover_sim.egg-info/PKG-INFO
[3.279s] writing dependency_links to ../../build/tag_hover_sim/tag_hover_sim.egg-info/dependency_links.txt
[3.280s] writing entry points to ../../build/tag_hover_sim/tag_hover_sim.egg-info/entry_points.txt
[3.281s] writing requirements to ../../build/tag_hover_sim/tag_hover_sim.egg-info/requires.txt
[3.281s] writing top-level names to ../../build/tag_hover_sim/tag_hover_sim.egg-info/top_level.txt
[3.336s] reading manifest file '../../build/tag_hover_sim/tag_hover_sim.egg-info/SOURCES.txt'
[3.340s] writing manifest file '../../build/tag_hover_sim/tag_hover_sim.egg-info/SOURCES.txt'
[3.341s] running build
[3.341s] running build_py
[3.342s] copying tag_hover_sim/hover_yaw_search.py -> /home/javierbecerril/harmonic_ws/build/tag_hover_sim/build/lib/tag_hover_sim
[3.346s] running install
[3.361s] running install_lib
[3.386s] copying /home/javierbecerril/harmonic_ws/build/tag_hover_sim/build/lib/tag_hover_sim/hover_yaw_search.py -> /home/javierbecerril/harmonic_ws/install/tag_hover_sim/lib/python3.12/site-packages/tag_hover_sim
[3.388s] byte-compiling /home/javierbecerril/harmonic_ws/install/tag_hover_sim/lib/python3.12/site-packages/tag_hover_sim/hover_yaw_search.py to hover_yaw_search.cpython-312.pyc
[3.395s] running install_data
[3.396s] running install_egg_info
[3.441s] removing '/home/javierbecerril/harmonic_ws/install/tag_hover_sim/lib/python3.12/site-packages/tag_hover_sim-0.1.0-py3.12.egg-info' (and everything under it)
[3.449s] Copying ../../build/tag_hover_sim/tag_hover_sim.egg-info to /home/javierbecerril/harmonic_ws/install/tag_hover_sim/lib/python3.12/site-packages/tag_hover_sim-0.1.0-py3.12.egg-info
[3.455s] running install_scripts
[3.663s] Installing apriltag_pnp_broadcaster script to /home/javierbecerril/harmonic_ws/install/tag_hover_sim/lib/tag_hover_sim
[3.666s] Installing apriltag_tf_broadcaster script to /home/javierbecerril/harmonic_ws/install/tag_hover_sim/lib/tag_hover_sim
[3.668s] Installing hover_yaw_search script to /home/javierbecerril/harmonic_ws/install/tag_hover_sim/lib/tag_hover_sim
[3.670s] writing list of installed files to '/home/javierbecerril/harmonic_ws/build/tag_hover_sim/install.log'
[3.744s] Invoked command in '/home/javierbecerril/harmonic_ws/src/tag_hover_sim' returned '0': DEBUGINFOD_URLS=https://debuginfod.ubuntu.com PS1=\[\e]0;\u@\h: \w\a\]${debian_chroot:+($debian_chroot)}\[\033[01;32m\]\u@\h\[\033[00m\]:\[\033[01;34m\]\w\[\033[00m\]\$ PYTHONPATH=/home/javierbecerril/harmonic_ws/build/tag_hover_sim/prefix_override:/usr/lib/python3/dist-packages/colcon_core/task/python/colcon_distutils_commands:/home/javierbecerril/harmonic_ws/install/tag_hover_sim/lib/python3.12/site-packages:${PYTHONPATH} /usr/bin/python3 -W ignore:setup.py install is deprecated -W ignore:easy_install command is deprecated setup.py egg_info --egg-base ../../build/tag_hover_sim build --build-base /home/javierbecerril/harmonic_ws/build/tag_hover_sim/build install --record /home/javierbecerril/harmonic_ws/build/tag_hover_sim/install.log --single-version-externally-managed install_data
