[2.396s] Invoking command in '/home/javierbecerril/harmonic_ws/src/tag_hover_sim': DEBUGINFOD_URLS=https://debuginfod.ubuntu.com PS1=(drone-venv) \[\e]0;\u@\h: \w\a\]${debian_chroot:+($debian_chroot)}\[\033[01;32m\]\u@\h\[\033[00m\]:\[\033[01;34m\]\w\[\033[00m\]\$ PYTHONPATH=/home/javierbecerril/harmonic_ws/build/tag_hover_sim/prefix_override:/usr/lib/python3/dist-packages/colcon_core/task/python/colcon_distutils_commands:/home/javierbecerril/harmonic_ws/install/tag_hover_sim/lib/python3.12/site-packages:${PYTHONPATH} VIRTUAL_ENV_PROMPT=(drone-venv) /usr/bin/python3 -W ignore:setup.py install is deprecated -W ignore:easy_install command is deprecated setup.py egg_info --egg-base ../../build/tag_hover_sim build --build-base /home/javierbecerril/harmonic_ws/build/tag_hover_sim/build install --record /home/javierbecerril/harmonic_ws/build/tag_hover_sim/install.log --single-version-externally-managed install_data
[3.169s] running egg_info
[3.221s] writing ../../build/tag_hover_sim/tag_hover_sim.egg-info/PKG-INFO
[3.222s] writing dependency_links to ../../build/tag_hover_sim/tag_hover_sim.egg-info/dependency_links.txt
[3.225s] writing entry points to ../../build/tag_hover_sim/tag_hover_sim.egg-info/entry_points.txt
[3.225s] writing requirements to ../../build/tag_hover_sim/tag_hover_sim.egg-info/requires.txt
[3.226s] writing top-level names to ../../build/tag_hover_sim/tag_hover_sim.egg-info/top_level.txt
[3.343s] reading manifest file '../../build/tag_hover_sim/tag_hover_sim.egg-info/SOURCES.txt'
[3.344s] writing manifest file '../../build/tag_hover_sim/tag_hover_sim.egg-info/SOURCES.txt'
[3.345s] running build
[3.347s] running build_py
[3.347s] copying tag_hover_sim/hover_yaw_search.py -> /home/javierbecerril/harmonic_ws/build/tag_hover_sim/build/lib/tag_hover_sim
[3.347s] running install
[3.361s] running install_lib
[3.417s] copying /home/javierbecerril/harmonic_ws/build/tag_hover_sim/build/lib/tag_hover_sim/hover_yaw_search.py -> /home/javierbecerril/harmonic_ws/install/tag_hover_sim/lib/python3.12/site-packages/tag_hover_sim
[3.423s] byte-compiling /home/javierbecerril/harmonic_ws/install/tag_hover_sim/lib/python3.12/site-packages/tag_hover_sim/hover_yaw_search.py to hover_yaw_search.cpython-312.pyc
[3.426s] running install_data
[3.427s] running install_egg_info
[3.482s] removing '/home/javierbecerril/harmonic_ws/install/tag_hover_sim/lib/python3.12/site-packages/tag_hover_sim-0.1.0-py3.12.egg-info' (and everything under it)
[3.484s] Copying ../../build/tag_hover_sim/tag_hover_sim.egg-info to /home/javierbecerril/harmonic_ws/install/tag_hover_sim/lib/python3.12/site-packages/tag_hover_sim-0.1.0-py3.12.egg-info
[3.490s] running install_scripts
[3.903s] Installing apriltag_pnp_broadcaster script to /home/javierbecerril/harmonic_ws/install/tag_hover_sim/lib/tag_hover_sim
[3.904s] Installing apriltag_tf_broadcaster script to /home/javierbecerril/harmonic_ws/install/tag_hover_sim/lib/tag_hover_sim
[3.908s] Installing hover_yaw_search script to /home/javierbecerril/harmonic_ws/install/tag_hover_sim/lib/tag_hover_sim
[3.909s] writing list of installed files to '/home/javierbecerril/harmonic_ws/build/tag_hover_sim/install.log'
[3.988s] Invoked command in '/home/javierbecerril/harmonic_ws/src/tag_hover_sim' returned '0': DEBUGINFOD_URLS=https://debuginfod.ubuntu.com PS1=(drone-venv) \[\e]0;\u@\h: \w\a\]${debian_chroot:+($debian_chroot)}\[\033[01;32m\]\u@\h\[\033[00m\]:\[\033[01;34m\]\w\[\033[00m\]\$ PYTHONPATH=/home/javierbecerril/harmonic_ws/build/tag_hover_sim/prefix_override:/usr/lib/python3/dist-packages/colcon_core/task/python/colcon_distutils_commands:/home/javierbecerril/harmonic_ws/install/tag_hover_sim/lib/python3.12/site-packages:${PYTHONPATH} VIRTUAL_ENV_PROMPT=(drone-venv) /usr/bin/python3 -W ignore:setup.py install is deprecated -W ignore:easy_install command is deprecated setup.py egg_info --egg-base ../../build/tag_hover_sim build --build-base /home/javierbecerril/harmonic_ws/build/tag_hover_sim/build install --record /home/javierbecerril/harmonic_ws/build/tag_hover_sim/install.log --single-version-externally-managed install_data
