[0.566s] Invoking command in '/home/javierbecerril/harmonic_ws/build/tag_hover_two_tags': DEBUGINFOD_URLS=https://debuginfod.ubuntu.com PS1=(venv-ardupilot) \[\e]0;\u@\h: \w\a\]${debian_chroot:+($debian_chroot)}\[\033[01;32m\]\u@\h\[\033[00m\]:\[\033[01;34m\]\w\[\033[00m\]\$ PYTHONPATH=/home/javierbecerril/harmonic_ws/build/tag_hover_two_tags/prefix_override:/usr/lib/python3/dist-packages/colcon_core/task/python/colcon_distutils_commands:/home/javierbecerril/harmonic_ws/install/tag_hover_two_tags/lib/python3.12/site-packages:${PYTHONPATH} VIRTUAL_ENV_PROMPT=(venv-ardupilot) /usr/bin/python3 -W ignore:setup.py install is deprecated -W ignore:easy_install command is deprecated setup.py develop --editable --build-directory /home/javierbecerril/harmonic_ws/build/tag_hover_two_tags/build --no-deps symlink_data
[0.781s] running develop
[0.906s] running egg_info
[0.918s] writing tag_hover_two_tags.egg-info/PKG-INFO
[0.919s] writing dependency_links to tag_hover_two_tags.egg-info/dependency_links.txt
[0.919s] writing entry points to tag_hover_two_tags.egg-info/entry_points.txt
[0.919s] writing requirements to tag_hover_two_tags.egg-info/requires.txt
[0.919s] writing top-level names to tag_hover_two_tags.egg-info/top_level.txt
[0.946s] reading manifest file 'tag_hover_two_tags.egg-info/SOURCES.txt'
[0.946s] writing manifest file 'tag_hover_two_tags.egg-info/SOURCES.txt'
[0.960s] running build_ext
[0.960s] Creating /home/javierbecerril/harmonic_ws/install/tag_hover_two_tags/lib/python3.12/site-packages/tag-hover-two-tags.egg-link (link to .)
[0.960s] Installing apriltag_pnp_broadcaster script to /home/javierbecerril/harmonic_ws/install/tag_hover_two_tags/lib/tag_hover_two_tags
[0.961s] Installing apriltag_tf_broadcaster script to /home/javierbecerril/harmonic_ws/install/tag_hover_two_tags/lib/tag_hover_two_tags
[0.961s] Installing relative_vibration_pose script to /home/javierbecerril/harmonic_ws/install/tag_hover_two_tags/lib/tag_hover_two_tags
[0.961s] Installing tag_oscillator script to /home/javierbecerril/harmonic_ws/install/tag_hover_two_tags/lib/tag_hover_two_tags
[0.961s] Installing tag_pose_selector script to /home/javierbecerril/harmonic_ws/install/tag_hover_two_tags/lib/tag_hover_two_tags
[0.961s] 
[0.961s] Installed /home/javierbecerril/harmonic_ws/build/tag_hover_two_tags
[0.961s] running symlink_data
[0.989s] Invoked command in '/home/javierbecerril/harmonic_ws/build/tag_hover_two_tags' returned '0': DEBUGINFOD_URLS=https://debuginfod.ubuntu.com PS1=(venv-ardupilot) \[\e]0;\u@\h: \w\a\]${debian_chroot:+($debian_chroot)}\[\033[01;32m\]\u@\h\[\033[00m\]:\[\033[01;34m\]\w\[\033[00m\]\$ PYTHONPATH=/home/javierbecerril/harmonic_ws/build/tag_hover_two_tags/prefix_override:/usr/lib/python3/dist-packages/colcon_core/task/python/colcon_distutils_commands:/home/javierbecerril/harmonic_ws/install/tag_hover_two_tags/lib/python3.12/site-packages:${PYTHONPATH} VIRTUAL_ENV_PROMPT=(venv-ardupilot) /usr/bin/python3 -W ignore:setup.py install is deprecated -W ignore:easy_install command is deprecated setup.py develop --editable --build-directory /home/javierbecerril/harmonic_ws/build/tag_hover_two_tags/build --no-deps symlink_data
