[1.665s] Invoking command in '/home/javierbecerril/harmonic_ws/build/tag_hover_sim': DEBUGINFOD_URLS=https://debuginfod.ubuntu.com PS1=(venv-ardupilot) \[\e]0;\u@\h: \w\a\]${debian_chroot:+($debian_chroot)}\[\033[01;32m\]\u@\h\[\033[00m\]:\[\033[01;34m\]\w\[\033[00m\]\$ PYTHONPATH=/home/javierbecerril/harmonic_ws/build/tag_hover_sim/prefix_override:/usr/lib/python3/dist-packages/colcon_core/task/python/colcon_distutils_commands:/home/javierbecerril/harmonic_ws/install/tag_hover_sim/lib/python3.12/site-packages:${PYTHONPATH} VIRTUAL_ENV_PROMPT=(venv-ardupilot) /usr/bin/python3 -W ignore:setup.py install is deprecated -W ignore:easy_install command is deprecated setup.py develop --editable --build-directory /home/javierbecerril/harmonic_ws/build/tag_hover_sim/build --no-deps symlink_data
[2.096s] running develop
[2.342s] running egg_info
[2.371s] writing tag_hover_sim.egg-info/PKG-INFO
[2.371s] writing dependency_links to tag_hover_sim.egg-info/dependency_links.txt
[2.373s] writing entry points to tag_hover_sim.egg-info/entry_points.txt
[2.373s] writing requirements to tag_hover_sim.egg-info/requires.txt
[2.373s] writing top-level names to tag_hover_sim.egg-info/top_level.txt
[2.420s] reading manifest file 'tag_hover_sim.egg-info/SOURCES.txt'
[2.422s] writing manifest file 'tag_hover_sim.egg-info/SOURCES.txt'
[2.449s] running build_ext
[2.451s] Creating /home/javierbecerril/harmonic_ws/install/tag_hover_sim/lib/python3.12/site-packages/tag-hover-sim.egg-link (link to .)
[2.452s] Installing apriltag_pnp_broadcaster script to /home/javierbecerril/harmonic_ws/install/tag_hover_sim/lib/tag_hover_sim
[2.453s] Installing apriltag_tf_broadcaster script to /home/javierbecerril/harmonic_ws/install/tag_hover_sim/lib/tag_hover_sim
[2.455s] Installing hover_yaw_search script to /home/javierbecerril/harmonic_ws/install/tag_hover_sim/lib/tag_hover_sim
[2.456s] Installing hover_yaw_search_v1 script to /home/javierbecerril/harmonic_ws/install/tag_hover_sim/lib/tag_hover_sim
[2.457s] 
[2.457s] Installed /home/javierbecerril/harmonic_ws/build/tag_hover_sim
[2.457s] running symlink_data
[2.528s] Invoked command in '/home/javierbecerril/harmonic_ws/build/tag_hover_sim' returned '0': DEBUGINFOD_URLS=https://debuginfod.ubuntu.com PS1=(venv-ardupilot) \[\e]0;\u@\h: \w\a\]${debian_chroot:+($debian_chroot)}\[\033[01;32m\]\u@\h\[\033[00m\]:\[\033[01;34m\]\w\[\033[00m\]\$ PYTHONPATH=/home/javierbecerril/harmonic_ws/build/tag_hover_sim/prefix_override:/usr/lib/python3/dist-packages/colcon_core/task/python/colcon_distutils_commands:/home/javierbecerril/harmonic_ws/install/tag_hover_sim/lib/python3.12/site-packages:${PYTHONPATH} VIRTUAL_ENV_PROMPT=(venv-ardupilot) /usr/bin/python3 -W ignore:setup.py install is deprecated -W ignore:easy_install command is deprecated setup.py develop --editable --build-directory /home/javierbecerril/harmonic_ws/build/tag_hover_sim/build --no-deps symlink_data
